Copyright 1986-2022 Xilinx, Inc. All Rights Reserved. Copyright 2022-2025 Advanced Micro Devices, Inc. All Rights Reserved.
---------------------------------------------------------------------------------------------------------------------------------------------
| Tool Version : Vivado v.2025.2 (win64) Build 6299465 Fri Nov 14 19:35:11 GMT 2025
| Date         : Tue Apr 14 23:04:54 2026
| Host         : Bala running 64-bit major release  (build 9200)
| Command      : report_control_sets -verbose -file two_layer_network_control_sets_placed.rpt
| Design       : two_layer_network
| Device       : xc7a75t
---------------------------------------------------------------------------------------------------------------------------------------------

Control Set Information

Table of Contents
-----------------
1. Summary
2. Histogram
3. Flip-Flop Distribution
4. Detailed Control Set Information

1. Summary
----------

+----------------------------------------------------------+-------+
|                          Status                          | Count |
+----------------------------------------------------------+-------+
| Total control sets                                       |    26 |
|    Minimum number of control sets                        |    26 |
|    Addition due to synthesis replication                 |     0 |
|    Addition due to physical synthesis replication        |     0 |
| Unused register locations in slices containing registers |    20 |
+----------------------------------------------------------+-------+
* Control sets can be merged at opt_design using control_set_merge or merge_equivalent_drivers
** Run report_qor_suggestions for automated merging and remapping suggestions


2. Histogram
------------

+--------------------+-------+
|       Fanout       | Count |
+--------------------+-------+
| Total control sets |    26 |
| >= 0 to < 4        |     1 |
| >= 4 to < 6        |     0 |
| >= 6 to < 8        |     0 |
| >= 8 to < 10       |     0 |
| >= 10 to < 12      |     0 |
| >= 12 to < 14      |     0 |
| >= 14 to < 16      |     0 |
| >= 16              |    25 |
+--------------------+-------+
* Control sets can be remapped at either synth_design or opt_design


3. Flip-Flop Distribution
-------------------------

+--------------+-----------------------+------------------------+-----------------+--------------+
| Clock Enable | Synchronous Set/Reset | Asynchronous Set/Reset | Total Registers | Total Slices |
+--------------+-----------------------+------------------------+-----------------+--------------+
| No           | No                    | No                     |               0 |            0 |
| No           | No                    | Yes                    |              78 |           27 |
| No           | Yes                   | No                     |               0 |            0 |
| Yes          | No                    | No                     |               0 |            0 |
| Yes          | No                    | Yes                    |             678 |          182 |
| Yes          | Yes                   | No                     |               0 |            0 |
+--------------+-----------------------+------------------------+-----------------+--------------+


4. Detailed Control Set Information
-----------------------------------

+----------------+---------------------------------------------------------+--------------------------------------------+------------------+----------------+--------------+
|  Clock Signal  |                      Enable Signal                      |              Set/Reset Signal              | Slice Load Count | Bel Load Count | Bels / Slice |
+----------------+---------------------------------------------------------+--------------------------------------------+------------------+----------------+--------------+
|  clk_IBUF_BUFG | u_layer1/processing_i_1_n_0                             | u_layer1/my_instances[7].neuron_inst/rst_n |                1 |              1 |         1.00 |
|  clk_IBUF_BUFG | u_layer1/my_instances[1].neuron_inst/out[15]_i_1__0_n_0 | u_layer1/my_instances[7].neuron_inst/rst_n |                4 |             16 |         4.00 |
|  clk_IBUF_BUFG | u_layer1/my_instances[0].neuron_inst/out[15]_i_1_n_0    | u_layer1/my_instances[7].neuron_inst/rst_n |                3 |             16 |         5.33 |
|  clk_IBUF_BUFG | u_layer1/my_instances[5].neuron_inst/out[15]_i_1__4_n_0 | u_layer1/my_instances[7].neuron_inst/rst_n |                3 |             16 |         5.33 |
|  clk_IBUF_BUFG | u_layer1/my_instances[6].neuron_inst/out[15]_i_1__5_n_0 | u_layer1/my_instances[7].neuron_inst/rst_n |                2 |             16 |         8.00 |
|  clk_IBUF_BUFG | u_layer1/my_instances[2].neuron_inst/out[15]_i_1__1_n_0 | u_layer1/my_instances[7].neuron_inst/rst_n |                6 |             16 |         2.67 |
|  clk_IBUF_BUFG | u_layer1/my_instances[3].neuron_inst/out[15]_i_1__2_n_0 | u_layer1/my_instances[7].neuron_inst/rst_n |                2 |             16 |         8.00 |
|  clk_IBUF_BUFG | u_layer1/my_instances[4].neuron_inst/out[15]_i_1__3_n_0 | u_layer1/my_instances[7].neuron_inst/rst_n |                3 |             16 |         5.33 |
|  clk_IBUF_BUFG | u_layer2/my_instances[1].neuron_inst/out[15]_i_1__8_n_0 | u_layer1/my_instances[7].neuron_inst/rst_n |                4 |             16 |         4.00 |
|  clk_IBUF_BUFG | u_layer1/my_instances[7].neuron_inst/out[15]_i_1__6_n_0 | u_layer1/my_instances[7].neuron_inst/rst_n |                2 |             16 |         8.00 |
|  clk_IBUF_BUFG | u_layer2/my_instances[0].neuron_inst/out[15]_i_1__7_n_0 | u_layer1/my_instances[7].neuron_inst/rst_n |                3 |             16 |         5.33 |
|  clk_IBUF_BUFG | u_layer2/my_instances[2].neuron_inst/out[15]_i_1__9_n_0 | u_layer1/my_instances[7].neuron_inst/rst_n |                2 |             16 |         8.00 |
|  clk_IBUF_BUFG | u_layer1/my_instances[1].neuron_inst/acc[31]_i_1__5_n_0 | u_layer1/my_instances[7].neuron_inst/rst_n |                9 |             32 |         3.56 |
|  clk_IBUF_BUFG | u_layer1/my_instances[0].neuron_inst/acc[31]_i_1__6_n_0 | u_layer1/my_instances[7].neuron_inst/rst_n |                9 |             32 |         3.56 |
|  clk_IBUF_BUFG | u_layer1/my_instances[5].neuron_inst/acc[31]_i_1__1_n_0 | u_layer1/my_instances[7].neuron_inst/rst_n |                8 |             32 |         4.00 |
|  clk_IBUF_BUFG | u_layer1/my_instances[6].neuron_inst/acc[31]_i_1__0_n_0 | u_layer1/my_instances[7].neuron_inst/rst_n |                9 |             32 |         3.56 |
|  clk_IBUF_BUFG | u_layer1/my_instances[2].neuron_inst/acc[31]_i_1__4_n_0 | u_layer1/my_instances[7].neuron_inst/rst_n |                8 |             32 |         4.00 |
|  clk_IBUF_BUFG | u_layer1/my_instances[3].neuron_inst/acc[31]_i_1__3_n_0 | u_layer1/my_instances[7].neuron_inst/rst_n |                7 |             32 |         4.57 |
|  clk_IBUF_BUFG | u_layer1/my_instances[4].neuron_inst/acc[31]_i_1__2_n_0 | u_layer1/my_instances[7].neuron_inst/rst_n |               12 |             32 |         2.67 |
|  clk_IBUF_BUFG | u_layer2/my_instances[1].neuron_inst/acc[31]_i_1__8_n_0 | u_layer1/my_instances[7].neuron_inst/rst_n |               10 |             32 |         3.20 |
|  clk_IBUF_BUFG | u_layer1/my_instances[7].neuron_inst/acc[31]_i_1_n_0    | u_layer1/my_instances[7].neuron_inst/rst_n |                9 |             32 |         3.56 |
|  clk_IBUF_BUFG | u_layer2/my_instances[0].neuron_inst/acc[31]_i_1__9_n_0 | u_layer1/my_instances[7].neuron_inst/rst_n |                9 |             32 |         3.56 |
|  clk_IBUF_BUFG | u_layer2/my_instances[2].neuron_inst/acc[31]_i_1__7_n_0 | u_layer1/my_instances[7].neuron_inst/rst_n |                6 |             32 |         5.33 |
|  clk_IBUF_BUFG | u_layer1/data_in_[14]_i_1_n_0                           | u_layer1/my_instances[7].neuron_inst/rst_n |               25 |             74 |         2.96 |
|  clk_IBUF_BUFG | u_layer2/data_in_[0]                                    | u_layer1/my_instances[7].neuron_inst/rst_n |               26 |             75 |         2.88 |
|  clk_IBUF_BUFG |                                                         | u_layer1/my_instances[7].neuron_inst/rst_n |               27 |             78 |         2.89 |
+----------------+---------------------------------------------------------+--------------------------------------------+------------------+----------------+--------------+


