
*** Running vivado
    with args -log nn_top.vds -m64 -product Vivado -mode batch -messageDb vivado.pb -notrace -source nn_top.tcl



****** Vivado v2025.2 (64-bit)
  **** SW Build 6299465 on Fri Nov 14 19:35:11 GMT 2025
  **** IP Build 6300035 on Fri Nov 14 10:48:45 MST 2025
  **** SharedData Build 6298862 on Thu Nov 13 04:50:51 MST 2025
  **** Start of session at: Sat Apr 11 21:00:58 2026
    ** Copyright 1986-2022 Xilinx, Inc. All Rights Reserved.
    ** Copyright 2022-2025 Advanced Micro Devices, Inc. All Rights Reserved.

source nn_top.tcl -notrace
create_project: Time (s): cpu = 00:00:18 ; elapsed = 00:00:12 . Memory (MB): peak = 526.500 ; gain = 220.922
Command: read_checkpoint -auto_incremental -incremental {D:/HARI NOTES/projects/FPGA prof/src/Nueron/Nueron.srcs/utils_1/imports/synth_1/nn_top.dcp}
INFO: [Vivado 12-5825] Read reference checkpoint from D:/HARI NOTES/projects/FPGA prof/src/Nueron/Nueron.srcs/utils_1/imports/synth_1/nn_top.dcp for incremental synthesis
INFO: [Vivado 12-7989] Please ensure there are no constraint changes
Command: synth_design -top nn_top -part xc7a200tfbg676-2
Starting synth_design
Attempting to get a license for feature 'Synthesis' and/or device 'xc7a200t'
INFO: [Common 17-349] Got license for feature 'Synthesis' and/or device 'xc7a200t'
INFO: [Device 21-403] Loading part xc7a200tfbg676-2
INFO: [Designutils 20-5440] No compile time benefit to using incremental synthesis; A full resynthesis will be run
INFO: [Designutils 20-4379] Flow is switching to default flow due to incremental criteria not met. If you would like to alter this behaviour and have the flow terminate instead, please set the following parameter config_implementation {autoIncr.Synth.RejectBehavior Terminate}
INFO: [Synth 8-7079] Multithreading enabled for synth_design using a maximum of 2 processes.
INFO: [Synth 8-7078] Launching helper process for spawning children vivado processes
INFO: [Synth 8-7075] Helper process launched with PID 14444
---------------------------------------------------------------------------------
Starting RTL Elaboration : Time (s): cpu = 00:00:08 ; elapsed = 00:00:09 . Memory (MB): peak = 1309.844 ; gain = 544.297
---------------------------------------------------------------------------------
INFO: [Synth 8-6157] synthesizing module 'nn_top' [D:/HARI NOTES/projects/FPGA prof/src/Nueron/Nueron.srcs/sources_1/new/nn_top.v:23]
INFO: [Synth 8-3876] $readmem data file 'D:/HARI NOTES/projects/FPGA prof/weights/weights.mem' is read successfully [D:/HARI NOTES/projects/FPGA prof/src/Nueron/Nueron.srcs/sources_1/new/nn_top.v:39]
INFO: [Synth 8-3876] $readmem data file 'D:/HARI NOTES/projects/FPGA prof/weights/biases.mem' is read successfully [D:/HARI NOTES/projects/FPGA prof/src/Nueron/Nueron.srcs/sources_1/new/nn_top.v:40]
INFO: [Synth 8-6157] synthesizing module 'neuron' [D:/HARI NOTES/projects/FPGA prof/src/Nueron/Nueron.srcs/sources_1/new/neuron.v:23]
INFO: [Synth 8-6155] done synthesizing module 'neuron' (0#1) [D:/HARI NOTES/projects/FPGA prof/src/Nueron/Nueron.srcs/sources_1/new/neuron.v:23]
INFO: [Synth 8-6157] synthesizing module 'layer' [D:/HARI NOTES/projects/FPGA prof/src/Nueron/Nueron.srcs/sources_1/new/layer.v:23]
INFO: [Synth 8-3876] $readmem data file 'D:/HARI NOTES/projects/FPGA prof/weights/weights.mem' is read successfully [D:/HARI NOTES/projects/FPGA prof/src/Nueron/Nueron.srcs/sources_1/new/layer.v:48]
INFO: [Synth 8-3876] $readmem data file 'D:/HARI NOTES/projects/FPGA prof/weights/biases.mem' is read successfully [D:/HARI NOTES/projects/FPGA prof/src/Nueron/Nueron.srcs/sources_1/new/layer.v:49]
INFO: [Synth 8-251] weight[0]=ff98 [D:/HARI NOTES/projects/FPGA prof/src/Nueron/Nueron.srcs/sources_1/new/layer.v:50]
INFO: [Synth 8-251] bias[0]=fff5 [D:/HARI NOTES/projects/FPGA prof/src/Nueron/Nueron.srcs/sources_1/new/layer.v:51]
INFO: [Synth 8-6155] done synthesizing module 'layer' (0#1) [D:/HARI NOTES/projects/FPGA prof/src/Nueron/Nueron.srcs/sources_1/new/layer.v:23]
INFO: [Synth 8-6155] done synthesizing module 'nn_top' (0#1) [D:/HARI NOTES/projects/FPGA prof/src/Nueron/Nueron.srcs/sources_1/new/nn_top.v:23]
WARNING: [Synth 8-6014] Unused sequential element sum_reg was removed.  [D:/HARI NOTES/projects/FPGA prof/src/Nueron/Nueron.srcs/sources_1/new/neuron.v:54]
---------------------------------------------------------------------------------
Finished RTL Elaboration : Time (s): cpu = 00:00:11 ; elapsed = 00:00:12 . Memory (MB): peak = 1427.148 ; gain = 661.602
---------------------------------------------------------------------------------
---------------------------------------------------------------------------------
Start Handling Custom Attributes
---------------------------------------------------------------------------------
---------------------------------------------------------------------------------
Finished Handling Custom Attributes : Time (s): cpu = 00:00:11 ; elapsed = 00:00:12 . Memory (MB): peak = 1427.148 ; gain = 661.602
---------------------------------------------------------------------------------
---------------------------------------------------------------------------------
Finished RTL Optimization Phase 1 : Time (s): cpu = 00:00:11 ; elapsed = 00:00:12 . Memory (MB): peak = 1427.148 ; gain = 661.602
---------------------------------------------------------------------------------
Netlist sorting complete. Time (s): cpu = 00:00:00 ; elapsed = 00:00:00.036 . Memory (MB): peak = 1427.148 ; gain = 0.000
INFO: [Project 1-570] Preparing netlist for logic optimization

Processing XDC Constraints
Initializing timing engine
Parsing XDC File [D:/HARI NOTES/projects/FPGA prof/src/Nueron/Nueron.srcs/constrs_1/new/constraints.xdc]
WARNING: [Vivado 12-584] No ports matched 'sw[0]'. [D:/HARI NOTES/projects/FPGA prof/src/Nueron/Nueron.srcs/constrs_1/new/constraints.xdc:10]
CRITICAL WARNING: [Common 17-55] 'set_property' expects at least one object. [D:/HARI NOTES/projects/FPGA prof/src/Nueron/Nueron.srcs/constrs_1/new/constraints.xdc:10]
Resolution: If [get_<value>] was used to populate the object, check to make sure this command returns at least one valid object.
WARNING: [Vivado 12-584] No ports matched 'sw[1]'. [D:/HARI NOTES/projects/FPGA prof/src/Nueron/Nueron.srcs/constrs_1/new/constraints.xdc:11]
CRITICAL WARNING: [Common 17-55] 'set_property' expects at least one object. [D:/HARI NOTES/projects/FPGA prof/src/Nueron/Nueron.srcs/constrs_1/new/constraints.xdc:11]
Resolution: If [get_<value>] was used to populate the object, check to make sure this command returns at least one valid object.
WARNING: [Vivado 12-584] No ports matched 'sw[2]'. [D:/HARI NOTES/projects/FPGA prof/src/Nueron/Nueron.srcs/constrs_1/new/constraints.xdc:12]
CRITICAL WARNING: [Common 17-55] 'set_property' expects at least one object. [D:/HARI NOTES/projects/FPGA prof/src/Nueron/Nueron.srcs/constrs_1/new/constraints.xdc:12]
Resolution: If [get_<value>] was used to populate the object, check to make sure this command returns at least one valid object.
WARNING: [Vivado 12-584] No ports matched 'sw[3]'. [D:/HARI NOTES/projects/FPGA prof/src/Nueron/Nueron.srcs/constrs_1/new/constraints.xdc:13]
CRITICAL WARNING: [Common 17-55] 'set_property' expects at least one object. [D:/HARI NOTES/projects/FPGA prof/src/Nueron/Nueron.srcs/constrs_1/new/constraints.xdc:13]
Resolution: If [get_<value>] was used to populate the object, check to make sure this command returns at least one valid object.
WARNING: [Vivado 12-584] No ports matched 'sw[4]'. [D:/HARI NOTES/projects/FPGA prof/src/Nueron/Nueron.srcs/constrs_1/new/constraints.xdc:14]
CRITICAL WARNING: [Common 17-55] 'set_property' expects at least one object. [D:/HARI NOTES/projects/FPGA prof/src/Nueron/Nueron.srcs/constrs_1/new/constraints.xdc:14]
Resolution: If [get_<value>] was used to populate the object, check to make sure this command returns at least one valid object.
WARNING: [Vivado 12-584] No ports matched 'sw[5]'. [D:/HARI NOTES/projects/FPGA prof/src/Nueron/Nueron.srcs/constrs_1/new/constraints.xdc:15]
CRITICAL WARNING: [Common 17-55] 'set_property' expects at least one object. [D:/HARI NOTES/projects/FPGA prof/src/Nueron/Nueron.srcs/constrs_1/new/constraints.xdc:15]
Resolution: If [get_<value>] was used to populate the object, check to make sure this command returns at least one valid object.
WARNING: [Vivado 12-584] No ports matched 'sw[6]'. [D:/HARI NOTES/projects/FPGA prof/src/Nueron/Nueron.srcs/constrs_1/new/constraints.xdc:16]
CRITICAL WARNING: [Common 17-55] 'set_property' expects at least one object. [D:/HARI NOTES/projects/FPGA prof/src/Nueron/Nueron.srcs/constrs_1/new/constraints.xdc:16]
Resolution: If [get_<value>] was used to populate the object, check to make sure this command returns at least one valid object.
WARNING: [Vivado 12-584] No ports matched 'sw[7]'. [D:/HARI NOTES/projects/FPGA prof/src/Nueron/Nueron.srcs/constrs_1/new/constraints.xdc:17]
CRITICAL WARNING: [Common 17-55] 'set_property' expects at least one object. [D:/HARI NOTES/projects/FPGA prof/src/Nueron/Nueron.srcs/constrs_1/new/constraints.xdc:17]
Resolution: If [get_<value>] was used to populate the object, check to make sure this command returns at least one valid object.
WARNING: [Vivado 12-584] No ports matched 'sw[8]'. [D:/HARI NOTES/projects/FPGA prof/src/Nueron/Nueron.srcs/constrs_1/new/constraints.xdc:18]
CRITICAL WARNING: [Common 17-55] 'set_property' expects at least one object. [D:/HARI NOTES/projects/FPGA prof/src/Nueron/Nueron.srcs/constrs_1/new/constraints.xdc:18]
Resolution: If [get_<value>] was used to populate the object, check to make sure this command returns at least one valid object.
WARNING: [Vivado 12-584] No ports matched 'sw[9]'. [D:/HARI NOTES/projects/FPGA prof/src/Nueron/Nueron.srcs/constrs_1/new/constraints.xdc:19]
CRITICAL WARNING: [Common 17-55] 'set_property' expects at least one object. [D:/HARI NOTES/projects/FPGA prof/src/Nueron/Nueron.srcs/constrs_1/new/constraints.xdc:19]
Resolution: If [get_<value>] was used to populate the object, check to make sure this command returns at least one valid object.
WARNING: [Vivado 12-584] No ports matched 'sw[10]'. [D:/HARI NOTES/projects/FPGA prof/src/Nueron/Nueron.srcs/constrs_1/new/constraints.xdc:20]
CRITICAL WARNING: [Common 17-55] 'set_property' expects at least one object. [D:/HARI NOTES/projects/FPGA prof/src/Nueron/Nueron.srcs/constrs_1/new/constraints.xdc:20]
Resolution: If [get_<value>] was used to populate the object, check to make sure this command returns at least one valid object.
WARNING: [Vivado 12-584] No ports matched 'sw[11]'. [D:/HARI NOTES/projects/FPGA prof/src/Nueron/Nueron.srcs/constrs_1/new/constraints.xdc:21]
CRITICAL WARNING: [Common 17-55] 'set_property' expects at least one object. [D:/HARI NOTES/projects/FPGA prof/src/Nueron/Nueron.srcs/constrs_1/new/constraints.xdc:21]
Resolution: If [get_<value>] was used to populate the object, check to make sure this command returns at least one valid object.
WARNING: [Vivado 12-584] No ports matched 'sw[12]'. [D:/HARI NOTES/projects/FPGA prof/src/Nueron/Nueron.srcs/constrs_1/new/constraints.xdc:22]
CRITICAL WARNING: [Common 17-55] 'set_property' expects at least one object. [D:/HARI NOTES/projects/FPGA prof/src/Nueron/Nueron.srcs/constrs_1/new/constraints.xdc:22]
Resolution: If [get_<value>] was used to populate the object, check to make sure this command returns at least one valid object.
WARNING: [Vivado 12-584] No ports matched 'sw[13]'. [D:/HARI NOTES/projects/FPGA prof/src/Nueron/Nueron.srcs/constrs_1/new/constraints.xdc:23]
CRITICAL WARNING: [Common 17-55] 'set_property' expects at least one object. [D:/HARI NOTES/projects/FPGA prof/src/Nueron/Nueron.srcs/constrs_1/new/constraints.xdc:23]
Resolution: If [get_<value>] was used to populate the object, check to make sure this command returns at least one valid object.
WARNING: [Vivado 12-584] No ports matched 'sw[14]'. [D:/HARI NOTES/projects/FPGA prof/src/Nueron/Nueron.srcs/constrs_1/new/constraints.xdc:24]
CRITICAL WARNING: [Common 17-55] 'set_property' expects at least one object. [D:/HARI NOTES/projects/FPGA prof/src/Nueron/Nueron.srcs/constrs_1/new/constraints.xdc:24]
Resolution: If [get_<value>] was used to populate the object, check to make sure this command returns at least one valid object.
WARNING: [Vivado 12-584] No ports matched 'sw[15]'. [D:/HARI NOTES/projects/FPGA prof/src/Nueron/Nueron.srcs/constrs_1/new/constraints.xdc:25]
CRITICAL WARNING: [Common 17-55] 'set_property' expects at least one object. [D:/HARI NOTES/projects/FPGA prof/src/Nueron/Nueron.srcs/constrs_1/new/constraints.xdc:25]
Resolution: If [get_<value>] was used to populate the object, check to make sure this command returns at least one valid object.
WARNING: [Vivado 12-584] No ports matched 'led[0]'. [D:/HARI NOTES/projects/FPGA prof/src/Nueron/Nueron.srcs/constrs_1/new/constraints.xdc:28]
CRITICAL WARNING: [Common 17-55] 'set_property' expects at least one object. [D:/HARI NOTES/projects/FPGA prof/src/Nueron/Nueron.srcs/constrs_1/new/constraints.xdc:28]
Resolution: If [get_<value>] was used to populate the object, check to make sure this command returns at least one valid object.
WARNING: [Vivado 12-584] No ports matched 'led[1]'. [D:/HARI NOTES/projects/FPGA prof/src/Nueron/Nueron.srcs/constrs_1/new/constraints.xdc:29]
CRITICAL WARNING: [Common 17-55] 'set_property' expects at least one object. [D:/HARI NOTES/projects/FPGA prof/src/Nueron/Nueron.srcs/constrs_1/new/constraints.xdc:29]
Resolution: If [get_<value>] was used to populate the object, check to make sure this command returns at least one valid object.
WARNING: [Vivado 12-584] No ports matched 'led[2]'. [D:/HARI NOTES/projects/FPGA prof/src/Nueron/Nueron.srcs/constrs_1/new/constraints.xdc:30]
CRITICAL WARNING: [Common 17-55] 'set_property' expects at least one object. [D:/HARI NOTES/projects/FPGA prof/src/Nueron/Nueron.srcs/constrs_1/new/constraints.xdc:30]
Resolution: If [get_<value>] was used to populate the object, check to make sure this command returns at least one valid object.
WARNING: [Vivado 12-584] No ports matched 'led[3]'. [D:/HARI NOTES/projects/FPGA prof/src/Nueron/Nueron.srcs/constrs_1/new/constraints.xdc:31]
CRITICAL WARNING: [Common 17-55] 'set_property' expects at least one object. [D:/HARI NOTES/projects/FPGA prof/src/Nueron/Nueron.srcs/constrs_1/new/constraints.xdc:31]
Resolution: If [get_<value>] was used to populate the object, check to make sure this command returns at least one valid object.
WARNING: [Vivado 12-584] No ports matched 'led[4]'. [D:/HARI NOTES/projects/FPGA prof/src/Nueron/Nueron.srcs/constrs_1/new/constraints.xdc:32]
CRITICAL WARNING: [Common 17-55] 'set_property' expects at least one object. [D:/HARI NOTES/projects/FPGA prof/src/Nueron/Nueron.srcs/constrs_1/new/constraints.xdc:32]
Resolution: If [get_<value>] was used to populate the object, check to make sure this command returns at least one valid object.
WARNING: [Vivado 12-584] No ports matched 'led[5]'. [D:/HARI NOTES/projects/FPGA prof/src/Nueron/Nueron.srcs/constrs_1/new/constraints.xdc:33]
CRITICAL WARNING: [Common 17-55] 'set_property' expects at least one object. [D:/HARI NOTES/projects/FPGA prof/src/Nueron/Nueron.srcs/constrs_1/new/constraints.xdc:33]
Resolution: If [get_<value>] was used to populate the object, check to make sure this command returns at least one valid object.
WARNING: [Vivado 12-584] No ports matched 'led[6]'. [D:/HARI NOTES/projects/FPGA prof/src/Nueron/Nueron.srcs/constrs_1/new/constraints.xdc:34]
CRITICAL WARNING: [Common 17-55] 'set_property' expects at least one object. [D:/HARI NOTES/projects/FPGA prof/src/Nueron/Nueron.srcs/constrs_1/new/constraints.xdc:34]
Resolution: If [get_<value>] was used to populate the object, check to make sure this command returns at least one valid object.
WARNING: [Vivado 12-584] No ports matched 'led[7]'. [D:/HARI NOTES/projects/FPGA prof/src/Nueron/Nueron.srcs/constrs_1/new/constraints.xdc:35]
CRITICAL WARNING: [Common 17-55] 'set_property' expects at least one object. [D:/HARI NOTES/projects/FPGA prof/src/Nueron/Nueron.srcs/constrs_1/new/constraints.xdc:35]
Resolution: If [get_<value>] was used to populate the object, check to make sure this command returns at least one valid object.
WARNING: [Vivado 12-584] No ports matched 'led[8]'. [D:/HARI NOTES/projects/FPGA prof/src/Nueron/Nueron.srcs/constrs_1/new/constraints.xdc:36]
CRITICAL WARNING: [Common 17-55] 'set_property' expects at least one object. [D:/HARI NOTES/projects/FPGA prof/src/Nueron/Nueron.srcs/constrs_1/new/constraints.xdc:36]
Resolution: If [get_<value>] was used to populate the object, check to make sure this command returns at least one valid object.
WARNING: [Vivado 12-584] No ports matched 'led[9]'. [D:/HARI NOTES/projects/FPGA prof/src/Nueron/Nueron.srcs/constrs_1/new/constraints.xdc:37]
CRITICAL WARNING: [Common 17-55] 'set_property' expects at least one object. [D:/HARI NOTES/projects/FPGA prof/src/Nueron/Nueron.srcs/constrs_1/new/constraints.xdc:37]
Resolution: If [get_<value>] was used to populate the object, check to make sure this command returns at least one valid object.
WARNING: [Vivado 12-584] No ports matched 'led[10]'. [D:/HARI NOTES/projects/FPGA prof/src/Nueron/Nueron.srcs/constrs_1/new/constraints.xdc:38]
CRITICAL WARNING: [Common 17-55] 'set_property' expects at least one object. [D:/HARI NOTES/projects/FPGA prof/src/Nueron/Nueron.srcs/constrs_1/new/constraints.xdc:38]
Resolution: If [get_<value>] was used to populate the object, check to make sure this command returns at least one valid object.
WARNING: [Vivado 12-584] No ports matched 'led[11]'. [D:/HARI NOTES/projects/FPGA prof/src/Nueron/Nueron.srcs/constrs_1/new/constraints.xdc:39]
CRITICAL WARNING: [Common 17-55] 'set_property' expects at least one object. [D:/HARI NOTES/projects/FPGA prof/src/Nueron/Nueron.srcs/constrs_1/new/constraints.xdc:39]
Resolution: If [get_<value>] was used to populate the object, check to make sure this command returns at least one valid object.
WARNING: [Vivado 12-584] No ports matched 'led[12]'. [D:/HARI NOTES/projects/FPGA prof/src/Nueron/Nueron.srcs/constrs_1/new/constraints.xdc:40]
CRITICAL WARNING: [Common 17-55] 'set_property' expects at least one object. [D:/HARI NOTES/projects/FPGA prof/src/Nueron/Nueron.srcs/constrs_1/new/constraints.xdc:40]
Resolution: If [get_<value>] was used to populate the object, check to make sure this command returns at least one valid object.
WARNING: [Vivado 12-584] No ports matched 'led[13]'. [D:/HARI NOTES/projects/FPGA prof/src/Nueron/Nueron.srcs/constrs_1/new/constraints.xdc:41]
CRITICAL WARNING: [Common 17-55] 'set_property' expects at least one object. [D:/HARI NOTES/projects/FPGA prof/src/Nueron/Nueron.srcs/constrs_1/new/constraints.xdc:41]
Resolution: If [get_<value>] was used to populate the object, check to make sure this command returns at least one valid object.
WARNING: [Vivado 12-584] No ports matched 'led[14]'. [D:/HARI NOTES/projects/FPGA prof/src/Nueron/Nueron.srcs/constrs_1/new/constraints.xdc:42]
CRITICAL WARNING: [Common 17-55] 'set_property' expects at least one object. [D:/HARI NOTES/projects/FPGA prof/src/Nueron/Nueron.srcs/constrs_1/new/constraints.xdc:42]
Resolution: If [get_<value>] was used to populate the object, check to make sure this command returns at least one valid object.
WARNING: [Vivado 12-584] No ports matched 'led[15]'. [D:/HARI NOTES/projects/FPGA prof/src/Nueron/Nueron.srcs/constrs_1/new/constraints.xdc:43]
CRITICAL WARNING: [Common 17-55] 'set_property' expects at least one object. [D:/HARI NOTES/projects/FPGA prof/src/Nueron/Nueron.srcs/constrs_1/new/constraints.xdc:43]
Resolution: If [get_<value>] was used to populate the object, check to make sure this command returns at least one valid object.
WARNING: [Vivado 12-584] No ports matched 'pb[0]'. [D:/HARI NOTES/projects/FPGA prof/src/Nueron/Nueron.srcs/constrs_1/new/constraints.xdc:46]
CRITICAL WARNING: [Common 17-55] 'set_property' expects at least one object. [D:/HARI NOTES/projects/FPGA prof/src/Nueron/Nueron.srcs/constrs_1/new/constraints.xdc:46]
Resolution: If [get_<value>] was used to populate the object, check to make sure this command returns at least one valid object.
WARNING: [Vivado 12-584] No ports matched 'pb[1]'. [D:/HARI NOTES/projects/FPGA prof/src/Nueron/Nueron.srcs/constrs_1/new/constraints.xdc:47]
CRITICAL WARNING: [Common 17-55] 'set_property' expects at least one object. [D:/HARI NOTES/projects/FPGA prof/src/Nueron/Nueron.srcs/constrs_1/new/constraints.xdc:47]
Resolution: If [get_<value>] was used to populate the object, check to make sure this command returns at least one valid object.
WARNING: [Vivado 12-584] No ports matched 'pb[2]'. [D:/HARI NOTES/projects/FPGA prof/src/Nueron/Nueron.srcs/constrs_1/new/constraints.xdc:48]
CRITICAL WARNING: [Common 17-55] 'set_property' expects at least one object. [D:/HARI NOTES/projects/FPGA prof/src/Nueron/Nueron.srcs/constrs_1/new/constraints.xdc:48]
Resolution: If [get_<value>] was used to populate the object, check to make sure this command returns at least one valid object.
WARNING: [Vivado 12-584] No ports matched 'pb[3]'. [D:/HARI NOTES/projects/FPGA prof/src/Nueron/Nueron.srcs/constrs_1/new/constraints.xdc:49]
CRITICAL WARNING: [Common 17-55] 'set_property' expects at least one object. [D:/HARI NOTES/projects/FPGA prof/src/Nueron/Nueron.srcs/constrs_1/new/constraints.xdc:49]
Resolution: If [get_<value>] was used to populate the object, check to make sure this command returns at least one valid object.
WARNING: [Vivado 12-584] No ports matched 'pb[4]'. [D:/HARI NOTES/projects/FPGA prof/src/Nueron/Nueron.srcs/constrs_1/new/constraints.xdc:50]
CRITICAL WARNING: [Common 17-55] 'set_property' expects at least one object. [D:/HARI NOTES/projects/FPGA prof/src/Nueron/Nueron.srcs/constrs_1/new/constraints.xdc:50]
Resolution: If [get_<value>] was used to populate the object, check to make sure this command returns at least one valid object.
WARNING: [Vivado 12-584] No ports matched 'digit[0]'. [D:/HARI NOTES/projects/FPGA prof/src/Nueron/Nueron.srcs/constrs_1/new/constraints.xdc:53]
CRITICAL WARNING: [Common 17-55] 'set_property' expects at least one object. [D:/HARI NOTES/projects/FPGA prof/src/Nueron/Nueron.srcs/constrs_1/new/constraints.xdc:53]
Resolution: If [get_<value>] was used to populate the object, check to make sure this command returns at least one valid object.
WARNING: [Vivado 12-584] No ports matched 'digit[1]'. [D:/HARI NOTES/projects/FPGA prof/src/Nueron/Nueron.srcs/constrs_1/new/constraints.xdc:54]
CRITICAL WARNING: [Common 17-55] 'set_property' expects at least one object. [D:/HARI NOTES/projects/FPGA prof/src/Nueron/Nueron.srcs/constrs_1/new/constraints.xdc:54]
Resolution: If [get_<value>] was used to populate the object, check to make sure this command returns at least one valid object.
WARNING: [Vivado 12-584] No ports matched 'digit[2]'. [D:/HARI NOTES/projects/FPGA prof/src/Nueron/Nueron.srcs/constrs_1/new/constraints.xdc:55]
CRITICAL WARNING: [Common 17-55] 'set_property' expects at least one object. [D:/HARI NOTES/projects/FPGA prof/src/Nueron/Nueron.srcs/constrs_1/new/constraints.xdc:55]
Resolution: If [get_<value>] was used to populate the object, check to make sure this command returns at least one valid object.
WARNING: [Vivado 12-584] No ports matched 'digit[3]'. [D:/HARI NOTES/projects/FPGA prof/src/Nueron/Nueron.srcs/constrs_1/new/constraints.xdc:56]
CRITICAL WARNING: [Common 17-55] 'set_property' expects at least one object. [D:/HARI NOTES/projects/FPGA prof/src/Nueron/Nueron.srcs/constrs_1/new/constraints.xdc:56]
Resolution: If [get_<value>] was used to populate the object, check to make sure this command returns at least one valid object.
WARNING: [Vivado 12-584] No ports matched 'Seven_Seg[0]'. [D:/HARI NOTES/projects/FPGA prof/src/Nueron/Nueron.srcs/constrs_1/new/constraints.xdc:58]
CRITICAL WARNING: [Common 17-55] 'set_property' expects at least one object. [D:/HARI NOTES/projects/FPGA prof/src/Nueron/Nueron.srcs/constrs_1/new/constraints.xdc:58]
Resolution: If [get_<value>] was used to populate the object, check to make sure this command returns at least one valid object.
WARNING: [Vivado 12-584] No ports matched 'Seven_Seg[1]'. [D:/HARI NOTES/projects/FPGA prof/src/Nueron/Nueron.srcs/constrs_1/new/constraints.xdc:59]
CRITICAL WARNING: [Common 17-55] 'set_property' expects at least one object. [D:/HARI NOTES/projects/FPGA prof/src/Nueron/Nueron.srcs/constrs_1/new/constraints.xdc:59]
Resolution: If [get_<value>] was used to populate the object, check to make sure this command returns at least one valid object.
WARNING: [Vivado 12-584] No ports matched 'Seven_Seg[2]'. [D:/HARI NOTES/projects/FPGA prof/src/Nueron/Nueron.srcs/constrs_1/new/constraints.xdc:60]
CRITICAL WARNING: [Common 17-55] 'set_property' expects at least one object. [D:/HARI NOTES/projects/FPGA prof/src/Nueron/Nueron.srcs/constrs_1/new/constraints.xdc:60]
Resolution: If [get_<value>] was used to populate the object, check to make sure this command returns at least one valid object.
WARNING: [Vivado 12-584] No ports matched 'Seven_Seg[3]'. [D:/HARI NOTES/projects/FPGA prof/src/Nueron/Nueron.srcs/constrs_1/new/constraints.xdc:61]
CRITICAL WARNING: [Common 17-55] 'set_property' expects at least one object. [D:/HARI NOTES/projects/FPGA prof/src/Nueron/Nueron.srcs/constrs_1/new/constraints.xdc:61]
Resolution: If [get_<value>] was used to populate the object, check to make sure this command returns at least one valid object.
WARNING: [Vivado 12-584] No ports matched 'Seven_Seg[4]'. [D:/HARI NOTES/projects/FPGA prof/src/Nueron/Nueron.srcs/constrs_1/new/constraints.xdc:62]
CRITICAL WARNING: [Common 17-55] 'set_property' expects at least one object. [D:/HARI NOTES/projects/FPGA prof/src/Nueron/Nueron.srcs/constrs_1/new/constraints.xdc:62]
Resolution: If [get_<value>] was used to populate the object, check to make sure this command returns at least one valid object.
WARNING: [Vivado 12-584] No ports matched 'Seven_Seg[5]'. [D:/HARI NOTES/projects/FPGA prof/src/Nueron/Nueron.srcs/constrs_1/new/constraints.xdc:63]
CRITICAL WARNING: [Common 17-55] 'set_property' expects at least one object. [D:/HARI NOTES/projects/FPGA prof/src/Nueron/Nueron.srcs/constrs_1/new/constraints.xdc:63]
Resolution: If [get_<value>] was used to populate the object, check to make sure this command returns at least one valid object.
WARNING: [Vivado 12-584] No ports matched 'Seven_Seg[6]'. [D:/HARI NOTES/projects/FPGA prof/src/Nueron/Nueron.srcs/constrs_1/new/constraints.xdc:64]
CRITICAL WARNING: [Common 17-55] 'set_property' expects at least one object. [D:/HARI NOTES/projects/FPGA prof/src/Nueron/Nueron.srcs/constrs_1/new/constraints.xdc:64]
Resolution: If [get_<value>] was used to populate the object, check to make sure this command returns at least one valid object.
WARNING: [Vivado 12-584] No ports matched 'Seven_Seg[7]'. [D:/HARI NOTES/projects/FPGA prof/src/Nueron/Nueron.srcs/constrs_1/new/constraints.xdc:65]
CRITICAL WARNING: [Common 17-55] 'set_property' expects at least one object. [D:/HARI NOTES/projects/FPGA prof/src/Nueron/Nueron.srcs/constrs_1/new/constraints.xdc:65]
Resolution: If [get_<value>] was used to populate the object, check to make sure this command returns at least one valid object.
WARNING: [Vivado 12-584] No ports matched 'Bluetooth_txd'. [D:/HARI NOTES/projects/FPGA prof/src/Nueron/Nueron.srcs/constrs_1/new/constraints.xdc:68]
CRITICAL WARNING: [Common 17-55] 'set_property' expects at least one object. [D:/HARI NOTES/projects/FPGA prof/src/Nueron/Nueron.srcs/constrs_1/new/constraints.xdc:68]
Resolution: If [get_<value>] was used to populate the object, check to make sure this command returns at least one valid object.
WARNING: [Vivado 12-584] No ports matched 'Bluetooth_rxd'. [D:/HARI NOTES/projects/FPGA prof/src/Nueron/Nueron.srcs/constrs_1/new/constraints.xdc:69]
CRITICAL WARNING: [Common 17-55] 'set_property' expects at least one object. [D:/HARI NOTES/projects/FPGA prof/src/Nueron/Nueron.srcs/constrs_1/new/constraints.xdc:69]
Resolution: If [get_<value>] was used to populate the object, check to make sure this command returns at least one valid object.
WARNING: [Vivado 12-584] No ports matched 'Buzzer'. [D:/HARI NOTES/projects/FPGA prof/src/Nueron/Nueron.srcs/constrs_1/new/constraints.xdc:72]
CRITICAL WARNING: [Common 17-55] 'set_property' expects at least one object. [D:/HARI NOTES/projects/FPGA prof/src/Nueron/Nueron.srcs/constrs_1/new/constraints.xdc:72]
Resolution: If [get_<value>] was used to populate the object, check to make sure this command returns at least one valid object.
WARNING: [Vivado 12-584] No ports matched 'SCK'. [D:/HARI NOTES/projects/FPGA prof/src/Nueron/Nueron.srcs/constrs_1/new/constraints.xdc:75]
CRITICAL WARNING: [Common 17-55] 'set_property' expects at least one object. [D:/HARI NOTES/projects/FPGA prof/src/Nueron/Nueron.srcs/constrs_1/new/constraints.xdc:75]
Resolution: If [get_<value>] was used to populate the object, check to make sure this command returns at least one valid object.
WARNING: [Vivado 12-584] No ports matched 'CS'. [D:/HARI NOTES/projects/FPGA prof/src/Nueron/Nueron.srcs/constrs_1/new/constraints.xdc:76]
CRITICAL WARNING: [Common 17-55] 'set_property' expects at least one object. [D:/HARI NOTES/projects/FPGA prof/src/Nueron/Nueron.srcs/constrs_1/new/constraints.xdc:76]
Resolution: If [get_<value>] was used to populate the object, check to make sure this command returns at least one valid object.
WARNING: [Vivado 12-584] No ports matched 'MOSI'. [D:/HARI NOTES/projects/FPGA prof/src/Nueron/Nueron.srcs/constrs_1/new/constraints.xdc:77]
CRITICAL WARNING: [Common 17-55] 'set_property' expects at least one object. [D:/HARI NOTES/projects/FPGA prof/src/Nueron/Nueron.srcs/constrs_1/new/constraints.xdc:77]
Resolution: If [get_<value>] was used to populate the object, check to make sure this command returns at least one valid object.
WARNING: [Vivado 12-584] No ports matched 'hdmi_tx_p[0]'. [D:/HARI NOTES/projects/FPGA prof/src/Nueron/Nueron.srcs/constrs_1/new/constraints.xdc:80]
CRITICAL WARNING: [Common 17-55] 'set_property' expects at least one object. [D:/HARI NOTES/projects/FPGA prof/src/Nueron/Nueron.srcs/constrs_1/new/constraints.xdc:80]
Resolution: If [get_<value>] was used to populate the object, check to make sure this command returns at least one valid object.
WARNING: [Vivado 12-584] No ports matched 'hdmi_tx_p[1]'. [D:/HARI NOTES/projects/FPGA prof/src/Nueron/Nueron.srcs/constrs_1/new/constraints.xdc:81]
CRITICAL WARNING: [Common 17-55] 'set_property' expects at least one object. [D:/HARI NOTES/projects/FPGA prof/src/Nueron/Nueron.srcs/constrs_1/new/constraints.xdc:81]
Resolution: If [get_<value>] was used to populate the object, check to make sure this command returns at least one valid object.
WARNING: [Vivado 12-584] No ports matched 'hdmi_tx_p[2]'. [D:/HARI NOTES/projects/FPGA prof/src/Nueron/Nueron.srcs/constrs_1/new/constraints.xdc:82]
CRITICAL WARNING: [Common 17-55] 'set_property' expects at least one object. [D:/HARI NOTES/projects/FPGA prof/src/Nueron/Nueron.srcs/constrs_1/new/constraints.xdc:82]
Resolution: If [get_<value>] was used to populate the object, check to make sure this command returns at least one valid object.
WARNING: [Vivado 12-584] No ports matched 'hdmi_tx_clk_p'. [D:/HARI NOTES/projects/FPGA prof/src/Nueron/Nueron.srcs/constrs_1/new/constraints.xdc:83]
CRITICAL WARNING: [Common 17-55] 'set_property' expects at least one object. [D:/HARI NOTES/projects/FPGA prof/src/Nueron/Nueron.srcs/constrs_1/new/constraints.xdc:83]
Resolution: If [get_<value>] was used to populate the object, check to make sure this command returns at least one valid object.
WARNING: [Vivado 12-584] No ports matched 'hdmi_tx_n[0]'. [D:/HARI NOTES/projects/FPGA prof/src/Nueron/Nueron.srcs/constrs_1/new/constraints.xdc:84]
CRITICAL WARNING: [Common 17-55] 'set_property' expects at least one object. [D:/HARI NOTES/projects/FPGA prof/src/Nueron/Nueron.srcs/constrs_1/new/constraints.xdc:84]
Resolution: If [get_<value>] was used to populate the object, check to make sure this command returns at least one valid object.
WARNING: [Vivado 12-584] No ports matched 'hdmi_tx_n[1]'. [D:/HARI NOTES/projects/FPGA prof/src/Nueron/Nueron.srcs/constrs_1/new/constraints.xdc:85]
CRITICAL WARNING: [Common 17-55] 'set_property' expects at least one object. [D:/HARI NOTES/projects/FPGA prof/src/Nueron/Nueron.srcs/constrs_1/new/constraints.xdc:85]
Resolution: If [get_<value>] was used to populate the object, check to make sure this command returns at least one valid object.
WARNING: [Vivado 12-584] No ports matched 'hdmi_tx_n[2]'. [D:/HARI NOTES/projects/FPGA prof/src/Nueron/Nueron.srcs/constrs_1/new/constraints.xdc:86]
CRITICAL WARNING: [Common 17-55] 'set_property' expects at least one object. [D:/HARI NOTES/projects/FPGA prof/src/Nueron/Nueron.srcs/constrs_1/new/constraints.xdc:86]
Resolution: If [get_<value>] was used to populate the object, check to make sure this command returns at least one valid object.
WARNING: [Vivado 12-584] No ports matched 'hdmi_tx_clk_n'. [D:/HARI NOTES/projects/FPGA prof/src/Nueron/Nueron.srcs/constrs_1/new/constraints.xdc:87]
CRITICAL WARNING: [Common 17-55] 'set_property' expects at least one object. [D:/HARI NOTES/projects/FPGA prof/src/Nueron/Nueron.srcs/constrs_1/new/constraints.xdc:87]
Resolution: If [get_<value>] was used to populate the object, check to make sure this command returns at least one valid object.
WARNING: [Vivado 12-584] No ports matched 'data[7]'. [D:/HARI NOTES/projects/FPGA prof/src/Nueron/Nueron.srcs/constrs_1/new/constraints.xdc:90]
CRITICAL WARNING: [Common 17-55] 'set_property' expects at least one object. [D:/HARI NOTES/projects/FPGA prof/src/Nueron/Nueron.srcs/constrs_1/new/constraints.xdc:90]
Resolution: If [get_<value>] was used to populate the object, check to make sure this command returns at least one valid object.
WARNING: [Vivado 12-584] No ports matched 'data[6]'. [D:/HARI NOTES/projects/FPGA prof/src/Nueron/Nueron.srcs/constrs_1/new/constraints.xdc:91]
CRITICAL WARNING: [Common 17-55] 'set_property' expects at least one object. [D:/HARI NOTES/projects/FPGA prof/src/Nueron/Nueron.srcs/constrs_1/new/constraints.xdc:91]
Resolution: If [get_<value>] was used to populate the object, check to make sure this command returns at least one valid object.
WARNING: [Vivado 12-584] No ports matched 'data[5]'. [D:/HARI NOTES/projects/FPGA prof/src/Nueron/Nueron.srcs/constrs_1/new/constraints.xdc:92]
CRITICAL WARNING: [Common 17-55] 'set_property' expects at least one object. [D:/HARI NOTES/projects/FPGA prof/src/Nueron/Nueron.srcs/constrs_1/new/constraints.xdc:92]
Resolution: If [get_<value>] was used to populate the object, check to make sure this command returns at least one valid object.
WARNING: [Vivado 12-584] No ports matched 'data[4]'. [D:/HARI NOTES/projects/FPGA prof/src/Nueron/Nueron.srcs/constrs_1/new/constraints.xdc:93]
CRITICAL WARNING: [Common 17-55] 'set_property' expects at least one object. [D:/HARI NOTES/projects/FPGA prof/src/Nueron/Nueron.srcs/constrs_1/new/constraints.xdc:93]
Resolution: If [get_<value>] was used to populate the object, check to make sure this command returns at least one valid object.
WARNING: [Vivado 12-584] No ports matched 'data[3]'. [D:/HARI NOTES/projects/FPGA prof/src/Nueron/Nueron.srcs/constrs_1/new/constraints.xdc:94]
CRITICAL WARNING: [Common 17-55] 'set_property' expects at least one object. [D:/HARI NOTES/projects/FPGA prof/src/Nueron/Nueron.srcs/constrs_1/new/constraints.xdc:94]
Resolution: If [get_<value>] was used to populate the object, check to make sure this command returns at least one valid object.
WARNING: [Vivado 12-584] No ports matched 'data[2]'. [D:/HARI NOTES/projects/FPGA prof/src/Nueron/Nueron.srcs/constrs_1/new/constraints.xdc:95]
CRITICAL WARNING: [Common 17-55] 'set_property' expects at least one object. [D:/HARI NOTES/projects/FPGA prof/src/Nueron/Nueron.srcs/constrs_1/new/constraints.xdc:95]
Resolution: If [get_<value>] was used to populate the object, check to make sure this command returns at least one valid object.
WARNING: [Vivado 12-584] No ports matched 'data[1]'. [D:/HARI NOTES/projects/FPGA prof/src/Nueron/Nueron.srcs/constrs_1/new/constraints.xdc:96]
CRITICAL WARNING: [Common 17-55] 'set_property' expects at least one object. [D:/HARI NOTES/projects/FPGA prof/src/Nueron/Nueron.srcs/constrs_1/new/constraints.xdc:96]
Resolution: If [get_<value>] was used to populate the object, check to make sure this command returns at least one valid object.
WARNING: [Vivado 12-584] No ports matched 'data[0]'. [D:/HARI NOTES/projects/FPGA prof/src/Nueron/Nueron.srcs/constrs_1/new/constraints.xdc:97]
CRITICAL WARNING: [Common 17-55] 'set_property' expects at least one object. [D:/HARI NOTES/projects/FPGA prof/src/Nueron/Nueron.srcs/constrs_1/new/constraints.xdc:97]
Resolution: If [get_<value>] was used to populate the object, check to make sure this command returns at least one valid object.
WARNING: [Vivado 12-584] No ports matched 'lcd_e'. [D:/HARI NOTES/projects/FPGA prof/src/Nueron/Nueron.srcs/constrs_1/new/constraints.xdc:98]
CRITICAL WARNING: [Common 17-55] 'set_property' expects at least one object. [D:/HARI NOTES/projects/FPGA prof/src/Nueron/Nueron.srcs/constrs_1/new/constraints.xdc:98]
Resolution: If [get_<value>] was used to populate the object, check to make sure this command returns at least one valid object.
WARNING: [Vivado 12-584] No ports matched 'lcd_rs'. [D:/HARI NOTES/projects/FPGA prof/src/Nueron/Nueron.srcs/constrs_1/new/constraints.xdc:99]
CRITICAL WARNING: [Common 17-55] 'set_property' expects at least one object. [D:/HARI NOTES/projects/FPGA prof/src/Nueron/Nueron.srcs/constrs_1/new/constraints.xdc:99]
Resolution: If [get_<value>] was used to populate the object, check to make sure this command returns at least one valid object.
WARNING: [Vivado 12-584] No ports matched 'sdram_dq[0]'. [D:/HARI NOTES/projects/FPGA prof/src/Nueron/Nueron.srcs/constrs_1/new/constraints.xdc:103]
CRITICAL WARNING: [Common 17-55] 'set_property' expects at least one object. [D:/HARI NOTES/projects/FPGA prof/src/Nueron/Nueron.srcs/constrs_1/new/constraints.xdc:103]
Resolution: If [get_<value>] was used to populate the object, check to make sure this command returns at least one valid object.
WARNING: [Vivado 12-584] No ports matched 'sdram_dq[1]'. [D:/HARI NOTES/projects/FPGA prof/src/Nueron/Nueron.srcs/constrs_1/new/constraints.xdc:104]
CRITICAL WARNING: [Common 17-55] 'set_property' expects at least one object. [D:/HARI NOTES/projects/FPGA prof/src/Nueron/Nueron.srcs/constrs_1/new/constraints.xdc:104]
Resolution: If [get_<value>] was used to populate the object, check to make sure this command returns at least one valid object.
WARNING: [Vivado 12-584] No ports matched 'sdram_dq[2]'. [D:/HARI NOTES/projects/FPGA prof/src/Nueron/Nueron.srcs/constrs_1/new/constraints.xdc:105]
CRITICAL WARNING: [Common 17-55] 'set_property' expects at least one object. [D:/HARI NOTES/projects/FPGA prof/src/Nueron/Nueron.srcs/constrs_1/new/constraints.xdc:105]
Resolution: If [get_<value>] was used to populate the object, check to make sure this command returns at least one valid object.
WARNING: [Vivado 12-584] No ports matched 'sdram_dq[3]'. [D:/HARI NOTES/projects/FPGA prof/src/Nueron/Nueron.srcs/constrs_1/new/constraints.xdc:106]
CRITICAL WARNING: [Common 17-55] 'set_property' expects at least one object. [D:/HARI NOTES/projects/FPGA prof/src/Nueron/Nueron.srcs/constrs_1/new/constraints.xdc:106]
Resolution: If [get_<value>] was used to populate the object, check to make sure this command returns at least one valid object.
WARNING: [Vivado 12-584] No ports matched 'sdram_dq[4]'. [D:/HARI NOTES/projects/FPGA prof/src/Nueron/Nueron.srcs/constrs_1/new/constraints.xdc:107]
CRITICAL WARNING: [Common 17-55] 'set_property' expects at least one object. [D:/HARI NOTES/projects/FPGA prof/src/Nueron/Nueron.srcs/constrs_1/new/constraints.xdc:107]
Resolution: If [get_<value>] was used to populate the object, check to make sure this command returns at least one valid object.
WARNING: [Vivado 12-584] No ports matched 'sdram_dq[5]'. [D:/HARI NOTES/projects/FPGA prof/src/Nueron/Nueron.srcs/constrs_1/new/constraints.xdc:108]
CRITICAL WARNING: [Common 17-55] 'set_property' expects at least one object. [D:/HARI NOTES/projects/FPGA prof/src/Nueron/Nueron.srcs/constrs_1/new/constraints.xdc:108]
Resolution: If [get_<value>] was used to populate the object, check to make sure this command returns at least one valid object.
WARNING: [Vivado 12-584] No ports matched 'sdram_dq[6]'. [D:/HARI NOTES/projects/FPGA prof/src/Nueron/Nueron.srcs/constrs_1/new/constraints.xdc:109]
CRITICAL WARNING: [Common 17-55] 'set_property' expects at least one object. [D:/HARI NOTES/projects/FPGA prof/src/Nueron/Nueron.srcs/constrs_1/new/constraints.xdc:109]
Resolution: If [get_<value>] was used to populate the object, check to make sure this command returns at least one valid object.
WARNING: [Vivado 12-584] No ports matched 'sdram_dq[7]'. [D:/HARI NOTES/projects/FPGA prof/src/Nueron/Nueron.srcs/constrs_1/new/constraints.xdc:110]
CRITICAL WARNING: [Common 17-55] 'set_property' expects at least one object. [D:/HARI NOTES/projects/FPGA prof/src/Nueron/Nueron.srcs/constrs_1/new/constraints.xdc:110]
Resolution: If [get_<value>] was used to populate the object, check to make sure this command returns at least one valid object.
WARNING: [Vivado 12-584] No ports matched 'sdram_dq[8]'. [D:/HARI NOTES/projects/FPGA prof/src/Nueron/Nueron.srcs/constrs_1/new/constraints.xdc:111]
CRITICAL WARNING: [Common 17-55] 'set_property' expects at least one object. [D:/HARI NOTES/projects/FPGA prof/src/Nueron/Nueron.srcs/constrs_1/new/constraints.xdc:111]
Resolution: If [get_<value>] was used to populate the object, check to make sure this command returns at least one valid object.
WARNING: [Vivado 12-584] No ports matched 'sdram_dq[9]'. [D:/HARI NOTES/projects/FPGA prof/src/Nueron/Nueron.srcs/constrs_1/new/constraints.xdc:112]
CRITICAL WARNING: [Common 17-55] 'set_property' expects at least one object. [D:/HARI NOTES/projects/FPGA prof/src/Nueron/Nueron.srcs/constrs_1/new/constraints.xdc:112]
Resolution: If [get_<value>] was used to populate the object, check to make sure this command returns at least one valid object.
WARNING: [Vivado 12-584] No ports matched 'sdram_dq[10]'. [D:/HARI NOTES/projects/FPGA prof/src/Nueron/Nueron.srcs/constrs_1/new/constraints.xdc:113]
CRITICAL WARNING: [Common 17-55] 'set_property' expects at least one object. [D:/HARI NOTES/projects/FPGA prof/src/Nueron/Nueron.srcs/constrs_1/new/constraints.xdc:113]
Resolution: If [get_<value>] was used to populate the object, check to make sure this command returns at least one valid object.
WARNING: [Vivado 12-584] No ports matched 'sdram_dq[11]'. [D:/HARI NOTES/projects/FPGA prof/src/Nueron/Nueron.srcs/constrs_1/new/constraints.xdc:114]
CRITICAL WARNING: [Common 17-55] 'set_property' expects at least one object. [D:/HARI NOTES/projects/FPGA prof/src/Nueron/Nueron.srcs/constrs_1/new/constraints.xdc:114]
Resolution: If [get_<value>] was used to populate the object, check to make sure this command returns at least one valid object.
WARNING: [Vivado 12-584] No ports matched 'sdram_dq[12]'. [D:/HARI NOTES/projects/FPGA prof/src/Nueron/Nueron.srcs/constrs_1/new/constraints.xdc:115]
CRITICAL WARNING: [Common 17-55] 'set_property' expects at least one object. [D:/HARI NOTES/projects/FPGA prof/src/Nueron/Nueron.srcs/constrs_1/new/constraints.xdc:115]
Resolution: If [get_<value>] was used to populate the object, check to make sure this command returns at least one valid object.
WARNING: [Vivado 12-584] No ports matched 'sdram_dq[13]'. [D:/HARI NOTES/projects/FPGA prof/src/Nueron/Nueron.srcs/constrs_1/new/constraints.xdc:116]
CRITICAL WARNING: [Common 17-55] 'set_property' expects at least one object. [D:/HARI NOTES/projects/FPGA prof/src/Nueron/Nueron.srcs/constrs_1/new/constraints.xdc:116]
Resolution: If [get_<value>] was used to populate the object, check to make sure this command returns at least one valid object.
WARNING: [Vivado 12-584] No ports matched 'sdram_dq[14]'. [D:/HARI NOTES/projects/FPGA prof/src/Nueron/Nueron.srcs/constrs_1/new/constraints.xdc:117]
CRITICAL WARNING: [Common 17-55] 'set_property' expects at least one object. [D:/HARI NOTES/projects/FPGA prof/src/Nueron/Nueron.srcs/constrs_1/new/constraints.xdc:117]
Resolution: If [get_<value>] was used to populate the object, check to make sure this command returns at least one valid object.
WARNING: [Vivado 12-584] No ports matched 'sdram_dq[15]'. [D:/HARI NOTES/projects/FPGA prof/src/Nueron/Nueron.srcs/constrs_1/new/constraints.xdc:118]
CRITICAL WARNING: [Common 17-55] 'set_property' expects at least one object. [D:/HARI NOTES/projects/FPGA prof/src/Nueron/Nueron.srcs/constrs_1/new/constraints.xdc:118]
Resolution: If [get_<value>] was used to populate the object, check to make sure this command returns at least one valid object.
WARNING: [Vivado 12-584] No ports matched 'sdram_addr[0]'. [D:/HARI NOTES/projects/FPGA prof/src/Nueron/Nueron.srcs/constrs_1/new/constraints.xdc:120]
CRITICAL WARNING: [Common 17-55] 'set_property' expects at least one object. [D:/HARI NOTES/projects/FPGA prof/src/Nueron/Nueron.srcs/constrs_1/new/constraints.xdc:120]
Resolution: If [get_<value>] was used to populate the object, check to make sure this command returns at least one valid object.
WARNING: [Vivado 12-584] No ports matched 'sdram_addr[1]'. [D:/HARI NOTES/projects/FPGA prof/src/Nueron/Nueron.srcs/constrs_1/new/constraints.xdc:121]
CRITICAL WARNING: [Common 17-55] 'set_property' expects at least one object. [D:/HARI NOTES/projects/FPGA prof/src/Nueron/Nueron.srcs/constrs_1/new/constraints.xdc:121]
Resolution: If [get_<value>] was used to populate the object, check to make sure this command returns at least one valid object.
WARNING: [Vivado 12-584] No ports matched 'sdram_addr[2]'. [D:/HARI NOTES/projects/FPGA prof/src/Nueron/Nueron.srcs/constrs_1/new/constraints.xdc:122]
CRITICAL WARNING: [Common 17-55] 'set_property' expects at least one object. [D:/HARI NOTES/projects/FPGA prof/src/Nueron/Nueron.srcs/constrs_1/new/constraints.xdc:122]
Resolution: If [get_<value>] was used to populate the object, check to make sure this command returns at least one valid object.
WARNING: [Vivado 12-584] No ports matched 'sdram_addr[3]'. [D:/HARI NOTES/projects/FPGA prof/src/Nueron/Nueron.srcs/constrs_1/new/constraints.xdc:123]
CRITICAL WARNING: [Common 17-55] 'set_property' expects at least one object. [D:/HARI NOTES/projects/FPGA prof/src/Nueron/Nueron.srcs/constrs_1/new/constraints.xdc:123]
Resolution: If [get_<value>] was used to populate the object, check to make sure this command returns at least one valid object.
WARNING: [Vivado 12-584] No ports matched 'sdram_addr[4]'. [D:/HARI NOTES/projects/FPGA prof/src/Nueron/Nueron.srcs/constrs_1/new/constraints.xdc:124]
CRITICAL WARNING: [Common 17-55] 'set_property' expects at least one object. [D:/HARI NOTES/projects/FPGA prof/src/Nueron/Nueron.srcs/constrs_1/new/constraints.xdc:124]
Resolution: If [get_<value>] was used to populate the object, check to make sure this command returns at least one valid object.
WARNING: [Vivado 12-584] No ports matched 'sdram_addr[5]'. [D:/HARI NOTES/projects/FPGA prof/src/Nueron/Nueron.srcs/constrs_1/new/constraints.xdc:125]
CRITICAL WARNING: [Common 17-55] 'set_property' expects at least one object. [D:/HARI NOTES/projects/FPGA prof/src/Nueron/Nueron.srcs/constrs_1/new/constraints.xdc:125]
Resolution: If [get_<value>] was used to populate the object, check to make sure this command returns at least one valid object.
WARNING: [Vivado 12-584] No ports matched 'sdram_addr[6]'. [D:/HARI NOTES/projects/FPGA prof/src/Nueron/Nueron.srcs/constrs_1/new/constraints.xdc:126]
CRITICAL WARNING: [Common 17-55] 'set_property' expects at least one object. [D:/HARI NOTES/projects/FPGA prof/src/Nueron/Nueron.srcs/constrs_1/new/constraints.xdc:126]
Resolution: If [get_<value>] was used to populate the object, check to make sure this command returns at least one valid object.
WARNING: [Vivado 12-584] No ports matched 'sdram_addr[7]'. [D:/HARI NOTES/projects/FPGA prof/src/Nueron/Nueron.srcs/constrs_1/new/constraints.xdc:127]
CRITICAL WARNING: [Common 17-55] 'set_property' expects at least one object. [D:/HARI NOTES/projects/FPGA prof/src/Nueron/Nueron.srcs/constrs_1/new/constraints.xdc:127]
Resolution: If [get_<value>] was used to populate the object, check to make sure this command returns at least one valid object.
WARNING: [Vivado 12-584] No ports matched 'sdram_addr[8]'. [D:/HARI NOTES/projects/FPGA prof/src/Nueron/Nueron.srcs/constrs_1/new/constraints.xdc:128]
CRITICAL WARNING: [Common 17-55] 'set_property' expects at least one object. [D:/HARI NOTES/projects/FPGA prof/src/Nueron/Nueron.srcs/constrs_1/new/constraints.xdc:128]
Resolution: If [get_<value>] was used to populate the object, check to make sure this command returns at least one valid object.
WARNING: [Vivado 12-584] No ports matched 'sdram_addr[9]'. [D:/HARI NOTES/projects/FPGA prof/src/Nueron/Nueron.srcs/constrs_1/new/constraints.xdc:129]
CRITICAL WARNING: [Common 17-55] 'set_property' expects at least one object. [D:/HARI NOTES/projects/FPGA prof/src/Nueron/Nueron.srcs/constrs_1/new/constraints.xdc:129]
Resolution: If [get_<value>] was used to populate the object, check to make sure this command returns at least one valid object.
WARNING: [Vivado 12-584] No ports matched 'sdram_addr[10]'. [D:/HARI NOTES/projects/FPGA prof/src/Nueron/Nueron.srcs/constrs_1/new/constraints.xdc:130]
INFO: [Common 17-14] Message 'Vivado 12-584' appears 100 times and further instances of the messages will be disabled. Use the Tcl command set_msg_config to change the current settings. [D:/HARI NOTES/projects/FPGA prof/src/Nueron/Nueron.srcs/constrs_1/new/constraints.xdc:130]
CRITICAL WARNING: [Common 17-55] 'set_property' expects at least one object. [D:/HARI NOTES/projects/FPGA prof/src/Nueron/Nueron.srcs/constrs_1/new/constraints.xdc:130]
Resolution: If [get_<value>] was used to populate the object, check to make sure this command returns at least one valid object.
CRITICAL WARNING: [Common 17-161] Invalid option value 'pin17];
set_property -dict { PACKAGE_PIN P11 IOSTANDARD LVCMOS33} [get_ports {pin18}];
set_property -dict { PACKAGE_PIN R12 IOSTANDARD LVCMOS33 } [get_ports {pin19}];
set_property -dict { PACKAGE_PIN T12 IOSTANDARD LVCMOS33 } [get_ports {pin20}];

# VGA 12 bit
set_property -dict { PACKAGE_PIN F14 IOSTANDARD LVCMOS33 } [get_ports {vga_hsync}];
set_property -dict { PACKAGE_PIN H16 IOSTANDARD LVCMOS33 } [get_ports {vga_vsync}];
set_property -dict { PACKAGE_PIN D15 IOSTANDARD LVCMOS33 } [get_ports {vga_r[0]}];
set_property -dict { PACKAGE_PIN F12 IOSTANDARD LVCMOS33 } [get_ports {vga_r[1]}];
set_property -dict { PACKAGE_PIN F13 IOSTANDARD LVCMOS33 } [get_ports {vga_r[2]}];
set_property -dict { PACKAGE_PIN E16 IOSTANDARD LVCMOS33 } [get_ports {vga_r[3]}];
set_property -dict { PACKAGE_PIN D16 IOSTANDARD LVCMOS33 } [get_ports {vga_g[0]}];
set_property -dict { PACKAGE_PIN F15 IOSTANDARD LVCMOS33 } [get_ports {vga_g[1]}];
set_property -dict { PACKAGE_PIN E15 IOSTANDARD LVCMOS33 } [get_ports {vga_g[2]}];
set_property -dict { PACKAGE_PIN H11 IOSTANDARD LVCMOS33 } [get_ports {vga_g[3]}];
set_property -dict { PACKAGE_PIN G12 IOSTANDARD LVCMOS33 } [get_ports {vga_b[0]}];
set_property -dict { PACKAGE_PIN H12 IOSTANDARD LVCMOS33 } [get_ports {vga_b[1]}];
set_property -dict { PACKAGE_PIN H13 IOSTANDARD LVCMOS33 } [get_ports {vga_b[2]}];
set_property -dict { PACKAGE_PIN G14 IOSTANDARD LVCMOS33 } [get_ports {vga_b[3]}];

# SD Card
set_property -dict { PACKAGE_PIN D6  IOSTANDARD LVCMOS33 } [get_ports {sd_cclk}];
set_property -dict { PACKAGE_PIN E6  IOSTANDARD LVCMOS33 } [get_ports {sd_cd}]' specified for 'patterns'. [D:/HARI NOTES/projects/FPGA prof/src/Nueron/Nueron.srcs/constrs_1/new/constraints.xdc:198]
CRITICAL WARNING: [Common 17-161] Invalid option value '}]' specified for 'objects'. [D:/HARI NOTES/projects/FPGA prof/src/Nueron/Nueron.srcs/constrs_1/new/constraints.xdc:222]
Finished Parsing XDC File [D:/HARI NOTES/projects/FPGA prof/src/Nueron/Nueron.srcs/constrs_1/new/constraints.xdc]
INFO: [Project 1-236] Implementation specific constraints were found while reading constraint file [D:/HARI NOTES/projects/FPGA prof/src/Nueron/Nueron.srcs/constrs_1/new/constraints.xdc]. These constraints will be ignored for synthesis but will be used in implementation. Impacted constraints are listed in the file [.Xil/nn_top_propImpl.xdc].
Resolution: To avoid this warning, move constraints listed in [.Xil/nn_top_propImpl.xdc] to another XDC file and exclude this new file from synthesis with the used_in_synthesis property (File Properties dialog in GUI) and re-run elaboration/synthesis.
Completed Processing XDC Constraints

Netlist sorting complete. Time (s): cpu = 00:00:00 ; elapsed = 00:00:00 . Memory (MB): peak = 1504.316 ; gain = 0.000
INFO: [Project 1-111] Unisim Transformation Summary:
No Unisim elements were transformed.

Constraint Validation Runtime : Time (s): cpu = 00:00:00 ; elapsed = 00:00:00.016 . Memory (MB): peak = 1504.316 ; gain = 0.000
INFO: [Designutils 20-5440] No compile time benefit to using incremental synthesis; A full resynthesis will be run
INFO: [Designutils 20-4379] Flow is switching to default flow due to incremental criteria not met. If you would like to alter this behaviour and have the flow terminate instead, please set the following parameter config_implementation {autoIncr.Synth.RejectBehavior Terminate}
---------------------------------------------------------------------------------
Finished Constraint Validation : Time (s): cpu = 00:00:25 ; elapsed = 00:00:27 . Memory (MB): peak = 1504.316 ; gain = 738.770
---------------------------------------------------------------------------------
---------------------------------------------------------------------------------
Start Loading Part and Timing Information
---------------------------------------------------------------------------------
Loading part: xc7a200tfbg676-2
---------------------------------------------------------------------------------
Finished Loading Part and Timing Information : Time (s): cpu = 00:00:25 ; elapsed = 00:00:27 . Memory (MB): peak = 1504.316 ; gain = 738.770
---------------------------------------------------------------------------------
---------------------------------------------------------------------------------
Start Applying 'set_property' XDC Constraints
---------------------------------------------------------------------------------
---------------------------------------------------------------------------------
Finished applying 'set_property' XDC Constraints : Time (s): cpu = 00:00:25 ; elapsed = 00:00:27 . Memory (MB): peak = 1504.316 ; gain = 738.770
---------------------------------------------------------------------------------
---------------------------------------------------------------------------------
Finished RTL Optimization Phase 2 : Time (s): cpu = 00:00:26 ; elapsed = 00:00:28 . Memory (MB): peak = 1504.316 ; gain = 738.770
---------------------------------------------------------------------------------
---------------------------------------------------------------------------------
Start RTL Component Statistics 
---------------------------------------------------------------------------------
Detailed RTL Component Info : 
+---Adders : 
	   2 Input   32 Bit       Adders := 11    
	   2 Input    3 Bit       Adders := 1     
	   2 Input    2 Bit       Adders := 1     
+---Registers : 
	               32 Bit    Registers := 11    
	               16 Bit    Registers := 11    
	                4 Bit    Registers := 1     
	                2 Bit    Registers := 1     
	                1 Bit    Registers := 13    
+---Muxes : 
	   2 Input   32 Bit        Muxes := 11    
	   2 Input   16 Bit        Muxes := 11    
	   5 Input   16 Bit        Muxes := 7     
	  17 Input   16 Bit        Muxes := 3     
	   2 Input    3 Bit        Muxes := 1     
	   2 Input    2 Bit        Muxes := 1     
	   4 Input    2 Bit        Muxes := 1     
	   2 Input    1 Bit        Muxes := 2     
---------------------------------------------------------------------------------
Finished RTL Component Statistics 
---------------------------------------------------------------------------------
---------------------------------------------------------------------------------
Start Part Resource Summary
---------------------------------------------------------------------------------
Part Resources:
DSPs: 740 (col length:100)
BRAMs: 730 (col length: RAMB18 100 RAMB36 50)
---------------------------------------------------------------------------------
Finished Part Resource Summary
---------------------------------------------------------------------------------
---------------------------------------------------------------------------------
Start Cross Boundary and Area Optimization
---------------------------------------------------------------------------------
DSP Report: Generating DSP dut/NEURONS[0].n_inst/mult, operation Mode is: A*B.
DSP Report: operator dut/NEURONS[0].n_inst/mult is absorbed into DSP dut/NEURONS[0].n_inst/mult.
DSP Report: Generating DSP dut/NEURONS[0].n_inst/acc0, operation Mode is: C+A*B.
DSP Report: operator dut/NEURONS[0].n_inst/acc0 is absorbed into DSP dut/NEURONS[0].n_inst/acc0.
DSP Report: operator dut/NEURONS[0].n_inst/mult is absorbed into DSP dut/NEURONS[0].n_inst/acc0.
DSP Report: Generating DSP dut/NEURONS[1].n_inst/acc, operation Mode is: (0 or C)+A*B.
DSP Report: operator dut/NEURONS[1].n_inst/mult is absorbed into DSP dut/NEURONS[1].n_inst/acc.
DSP Report: operator dut/NEURONS[1].n_inst/acc0 is absorbed into DSP dut/NEURONS[1].n_inst/acc.
DSP Report: Generating DSP dut/NEURONS[1].n_inst/acc0, operation Mode is: C+A*B.
DSP Report: operator dut/NEURONS[1].n_inst/acc0 is absorbed into DSP dut/NEURONS[1].n_inst/acc0.
DSP Report: operator dut/NEURONS[1].n_inst/mult is absorbed into DSP dut/NEURONS[1].n_inst/acc0.
DSP Report: Generating DSP dut/NEURONS[2].n_inst/acc, operation Mode is: (0 or C)+A*B.
DSP Report: operator dut/NEURONS[2].n_inst/mult is absorbed into DSP dut/NEURONS[2].n_inst/acc.
DSP Report: operator dut/NEURONS[2].n_inst/acc0 is absorbed into DSP dut/NEURONS[2].n_inst/acc.
DSP Report: Generating DSP dut/NEURONS[2].n_inst/acc0, operation Mode is: C+A*B.
DSP Report: operator dut/NEURONS[2].n_inst/acc0 is absorbed into DSP dut/NEURONS[2].n_inst/acc0.
DSP Report: operator dut/NEURONS[2].n_inst/mult is absorbed into DSP dut/NEURONS[2].n_inst/acc0.
DSP Report: Generating DSP dut/NEURONS[3].n_inst/acc, operation Mode is: (0 or C)+A*B.
DSP Report: operator dut/NEURONS[3].n_inst/mult is absorbed into DSP dut/NEURONS[3].n_inst/acc.
DSP Report: operator dut/NEURONS[3].n_inst/acc0 is absorbed into DSP dut/NEURONS[3].n_inst/acc.
DSP Report: Generating DSP dut/NEURONS[3].n_inst/acc0, operation Mode is: C+A*B.
DSP Report: operator dut/NEURONS[3].n_inst/acc0 is absorbed into DSP dut/NEURONS[3].n_inst/acc0.
DSP Report: operator dut/NEURONS[3].n_inst/mult is absorbed into DSP dut/NEURONS[3].n_inst/acc0.
DSP Report: Generating DSP dut/NEURONS[4].n_inst/acc, operation Mode is: (0 or C)+A*B.
DSP Report: operator dut/NEURONS[4].n_inst/mult is absorbed into DSP dut/NEURONS[4].n_inst/acc.
DSP Report: operator dut/NEURONS[4].n_inst/acc0 is absorbed into DSP dut/NEURONS[4].n_inst/acc.
DSP Report: Generating DSP dut/NEURONS[4].n_inst/acc0, operation Mode is: C+A*B.
DSP Report: operator dut/NEURONS[4].n_inst/acc0 is absorbed into DSP dut/NEURONS[4].n_inst/acc0.
DSP Report: operator dut/NEURONS[4].n_inst/mult is absorbed into DSP dut/NEURONS[4].n_inst/acc0.
DSP Report: Generating DSP dut/NEURONS[5].n_inst/acc, operation Mode is: (0 or C)+A*B.
DSP Report: operator dut/NEURONS[5].n_inst/mult is absorbed into DSP dut/NEURONS[5].n_inst/acc.
DSP Report: operator dut/NEURONS[5].n_inst/acc0 is absorbed into DSP dut/NEURONS[5].n_inst/acc.
DSP Report: Generating DSP dut/NEURONS[5].n_inst/acc0, operation Mode is: C+A*B.
DSP Report: operator dut/NEURONS[5].n_inst/acc0 is absorbed into DSP dut/NEURONS[5].n_inst/acc0.
DSP Report: operator dut/NEURONS[5].n_inst/mult is absorbed into DSP dut/NEURONS[5].n_inst/acc0.
DSP Report: Generating DSP dut/NEURONS[6].n_inst/acc, operation Mode is: (0 or C)+A*B.
DSP Report: operator dut/NEURONS[6].n_inst/mult is absorbed into DSP dut/NEURONS[6].n_inst/acc.
DSP Report: operator dut/NEURONS[6].n_inst/acc0 is absorbed into DSP dut/NEURONS[6].n_inst/acc.
DSP Report: Generating DSP dut/NEURONS[6].n_inst/acc0, operation Mode is: C+A*B.
DSP Report: operator dut/NEURONS[6].n_inst/acc0 is absorbed into DSP dut/NEURONS[6].n_inst/acc0.
DSP Report: operator dut/NEURONS[6].n_inst/mult is absorbed into DSP dut/NEURONS[6].n_inst/acc0.
DSP Report: Generating DSP dut/NEURONS[7].n_inst/acc, operation Mode is: (0 or C)+A*B.
DSP Report: operator dut/NEURONS[7].n_inst/mult is absorbed into DSP dut/NEURONS[7].n_inst/acc.
DSP Report: operator dut/NEURONS[7].n_inst/acc0 is absorbed into DSP dut/NEURONS[7].n_inst/acc.
DSP Report: Generating DSP dut/NEURONS[7].n_inst/acc0, operation Mode is: C+A*B.
DSP Report: operator dut/NEURONS[7].n_inst/acc0 is absorbed into DSP dut/NEURONS[7].n_inst/acc0.
DSP Report: operator dut/NEURONS[7].n_inst/mult is absorbed into DSP dut/NEURONS[7].n_inst/acc0.
DSP Report: Generating DSP NEURONS[2].n_inst/acc, operation Mode is: (0 or C)+A*B.
DSP Report: operator NEURONS[2].n_inst/mult is absorbed into DSP NEURONS[2].n_inst/acc.
DSP Report: operator NEURONS[2].n_inst/acc0 is absorbed into DSP NEURONS[2].n_inst/acc.
DSP Report: Generating DSP NEURONS[2].n_inst/acc0, operation Mode is: C+A*B.
DSP Report: operator NEURONS[2].n_inst/acc0 is absorbed into DSP NEURONS[2].n_inst/acc0.
DSP Report: operator NEURONS[2].n_inst/mult is absorbed into DSP NEURONS[2].n_inst/acc0.
DSP Report: Generating DSP NEURONS[1].n_inst/acc, operation Mode is: (0 or C)+A*B.
DSP Report: operator NEURONS[1].n_inst/mult is absorbed into DSP NEURONS[1].n_inst/acc.
DSP Report: operator NEURONS[1].n_inst/acc0 is absorbed into DSP NEURONS[1].n_inst/acc.
DSP Report: Generating DSP NEURONS[1].n_inst/acc0, operation Mode is: C+A*B.
DSP Report: operator NEURONS[1].n_inst/acc0 is absorbed into DSP NEURONS[1].n_inst/acc0.
DSP Report: operator NEURONS[1].n_inst/mult is absorbed into DSP NEURONS[1].n_inst/acc0.
DSP Report: Generating DSP NEURONS[0].n_inst/acc, operation Mode is: (0 or C)+A*B.
DSP Report: operator NEURONS[0].n_inst/mult is absorbed into DSP NEURONS[0].n_inst/acc.
DSP Report: operator NEURONS[0].n_inst/acc0 is absorbed into DSP NEURONS[0].n_inst/acc.
DSP Report: Generating DSP NEURONS[0].n_inst/acc0, operation Mode is: C+A*B.
DSP Report: operator NEURONS[0].n_inst/acc0 is absorbed into DSP NEURONS[0].n_inst/acc0.
DSP Report: operator NEURONS[0].n_inst/mult is absorbed into DSP NEURONS[0].n_inst/acc0.
---------------------------------------------------------------------------------
Finished Cross Boundary and Area Optimization : Time (s): cpu = 00:00:31 ; elapsed = 00:00:33 . Memory (MB): peak = 1504.316 ; gain = 738.770
---------------------------------------------------------------------------------
 Sort Area is  NEURONS[0].n_inst/acc_18 : 0 0 : 2064 2064 : Used 1 time 0
 Sort Area is  NEURONS[1].n_inst/acc_14 : 0 0 : 2064 2064 : Used 1 time 0
 Sort Area is  NEURONS[2].n_inst/acc_16 : 0 0 : 2064 2064 : Used 1 time 0
 Sort Area is  dut/NEURONS[1].n_inst/acc_e : 0 0 : 2064 2064 : Used 1 time 0
 Sort Area is  dut/NEURONS[2].n_inst/acc_c : 0 0 : 2064 2064 : Used 1 time 0
 Sort Area is  dut/NEURONS[3].n_inst/acc_a : 0 0 : 2064 2064 : Used 1 time 0
 Sort Area is  dut/NEURONS[4].n_inst/acc_8 : 0 0 : 2064 2064 : Used 1 time 0
 Sort Area is  dut/NEURONS[5].n_inst/acc_6 : 0 0 : 2064 2064 : Used 1 time 0
 Sort Area is  dut/NEURONS[6].n_inst/acc_4 : 0 0 : 2064 2064 : Used 1 time 0
 Sort Area is  dut/NEURONS[7].n_inst/acc_0 : 0 0 : 2064 2064 : Used 1 time 0
 Sort Area is  NEURONS[0].n_inst/acc0_19 : 0 0 : 2032 2032 : Used 1 time 0
 Sort Area is  NEURONS[1].n_inst/acc0_15 : 0 0 : 2032 2032 : Used 1 time 0
 Sort Area is  NEURONS[2].n_inst/acc0_17 : 0 0 : 2032 2032 : Used 1 time 0
 Sort Area is  dut/NEURONS[1].n_inst/acc0_f : 0 0 : 2032 2032 : Used 1 time 0
 Sort Area is  dut/NEURONS[2].n_inst/acc0_d : 0 0 : 2032 2032 : Used 1 time 0
 Sort Area is  dut/NEURONS[3].n_inst/acc0_b : 0 0 : 2032 2032 : Used 1 time 0
 Sort Area is  dut/NEURONS[4].n_inst/acc0_9 : 0 0 : 2032 2032 : Used 1 time 0
 Sort Area is  dut/NEURONS[5].n_inst/acc0_7 : 0 0 : 2032 2032 : Used 1 time 0
 Sort Area is  dut/NEURONS[6].n_inst/acc0_5 : 0 0 : 2032 2032 : Used 1 time 0
 Sort Area is  dut/NEURONS[7].n_inst/acc0_2 : 0 0 : 2032 2032 : Used 1 time 0
 Sort Area is  dut/NEURONS[0].n_inst/acc0_12 : 0 0 : 1057 1057 : Used 1 time 0
 Sort Area is  dut/NEURONS[0].n_inst/mult_10 : 0 0 : 954 954 : Used 1 time 0
---------------------------------------------------------------------------------
Start ROM, RAM, DSP, Shift Register and Retiming Reporting
---------------------------------------------------------------------------------

ROM: Preliminary Mapping Report
+------------+------------+---------------+----------------+
|Module Name | RTL Object | Depth x Width | Implemented As | 
+------------+------------+---------------+----------------+
|layer       | weight_mem | 32x9          | LUT            | 
|nn_top      | p_0_out    | 32x9          | LUT            | 
+------------+------------+---------------+----------------+


DSP: Preliminary Mapping Report (see note below. The ' indicates corresponding REG is set)
+------------+--------------+--------+--------+--------+--------+--------+------+------+------+------+-------+------+------+
|Module Name | DSP Mapping  | A Size | B Size | C Size | D Size | P Size | AREG | BREG | CREG | DREG | ADREG | MREG | PREG | 
+------------+--------------+--------+--------+--------+--------+--------+------+------+------+------+-------+------+------+
|neuron      | A*B          | 16     | 9      | -      | -      | 25     | 0    | 0    | -    | -    | -     | 0    | 0    | 
|neuron      | C+A*B        | 16     | 9      | 32     | -      | 32     | 0    | 0    | 0    | -    | -     | 0    | 0    | 
|neuron      | (0 or C)+A*B | 16     | 16     | 32     | -      | 32     | 0    | 0    | 0    | -    | -     | 0    | 0    | 
|neuron      | C+A*B        | 16     | 16     | 32     | -      | 32     | 0    | 0    | 0    | -    | -     | 0    | 0    | 
|neuron      | (0 or C)+A*B | 16     | 16     | 32     | -      | 32     | 0    | 0    | 0    | -    | -     | 0    | 0    | 
|neuron      | C+A*B        | 16     | 16     | 32     | -      | 32     | 0    | 0    | 0    | -    | -     | 0    | 0    | 
|neuron      | (0 or C)+A*B | 16     | 16     | 32     | -      | 32     | 0    | 0    | 0    | -    | -     | 0    | 0    | 
|neuron      | C+A*B        | 16     | 16     | 32     | -      | 32     | 0    | 0    | 0    | -    | -     | 0    | 0    | 
|neuron      | (0 or C)+A*B | 16     | 16     | 32     | -      | 32     | 0    | 0    | 0    | -    | -     | 0    | 0    | 
|neuron      | C+A*B        | 16     | 16     | 32     | -      | 32     | 0    | 0    | 0    | -    | -     | 0    | 0    | 
|neuron      | (0 or C)+A*B | 16     | 16     | 32     | -      | 32     | 0    | 0    | 0    | -    | -     | 0    | 0    | 
|neuron      | C+A*B        | 16     | 16     | 32     | -      | 32     | 0    | 0    | 0    | -    | -     | 0    | 0    | 
|neuron      | (0 or C)+A*B | 16     | 16     | 32     | -      | 32     | 0    | 0    | 0    | -    | -     | 0    | 0    | 
|neuron      | C+A*B        | 16     | 16     | 32     | -      | 32     | 0    | 0    | 0    | -    | -     | 0    | 0    | 
|neuron      | (0 or C)+A*B | 16     | 16     | 32     | -      | 32     | 0    | 0    | 0    | -    | -     | 0    | 0    | 
|neuron      | C+A*B        | 16     | 16     | 32     | -      | 32     | 0    | 0    | 0    | -    | -     | 0    | 0    | 
|neuron      | (0 or C)+A*B | 16     | 16     | 32     | -      | 32     | 0    | 0    | 0    | -    | -     | 0    | 0    | 
|neuron      | C+A*B        | 16     | 16     | 32     | -      | 32     | 0    | 0    | 0    | -    | -     | 0    | 0    | 
|neuron      | (0 or C)+A*B | 16     | 16     | 32     | -      | 32     | 0    | 0    | 0    | -    | -     | 0    | 0    | 
|neuron      | C+A*B        | 16     | 16     | 32     | -      | 32     | 0    | 0    | 0    | -    | -     | 0    | 0    | 
|neuron      | (0 or C)+A*B | 16     | 16     | 32     | -      | 32     | 0    | 0    | 0    | -    | -     | 0    | 0    | 
|neuron      | C+A*B        | 16     | 16     | 32     | -      | 32     | 0    | 0    | 0    | -    | -     | 0    | 0    | 
+------------+--------------+--------+--------+--------+--------+--------+------+------+------+------+-------+------+------+

Note: The table above is a preliminary report that shows the DSPs inferred at the current stage of the synthesis flow. Some DSP may be reimplemented as non DSP primitives later in the synthesis flow. Multiple instantiated DSPs are reported only once.
---------------------------------------------------------------------------------
Finished ROM, RAM, DSP, Shift Register and Retiming Reporting
---------------------------------------------------------------------------------
---------------------------------------------------------------------------------
Start Applying XDC Timing Constraints
---------------------------------------------------------------------------------
---------------------------------------------------------------------------------
Finished Applying XDC Timing Constraints : Time (s): cpu = 00:00:43 ; elapsed = 00:00:46 . Memory (MB): peak = 1675.535 ; gain = 909.988
---------------------------------------------------------------------------------
---------------------------------------------------------------------------------
Start Timing Optimization
---------------------------------------------------------------------------------
---------------------------------------------------------------------------------
Finished Timing Optimization : Time (s): cpu = 00:00:45 ; elapsed = 00:00:48 . Memory (MB): peak = 1715.504 ; gain = 949.957
---------------------------------------------------------------------------------
---------------------------------------------------------------------------------
Start Technology Mapping
---------------------------------------------------------------------------------
---------------------------------------------------------------------------------
Finished Technology Mapping : Time (s): cpu = 00:00:47 ; elapsed = 00:00:51 . Memory (MB): peak = 1715.504 ; gain = 949.957
---------------------------------------------------------------------------------
---------------------------------------------------------------------------------
Start IO Insertion
---------------------------------------------------------------------------------
---------------------------------------------------------------------------------
Start Flattening Before IO Insertion
---------------------------------------------------------------------------------
---------------------------------------------------------------------------------
Finished Flattening Before IO Insertion
---------------------------------------------------------------------------------
---------------------------------------------------------------------------------
Start Final Netlist Cleanup
---------------------------------------------------------------------------------
---------------------------------------------------------------------------------
Finished Final Netlist Cleanup
---------------------------------------------------------------------------------
---------------------------------------------------------------------------------
Finished IO Insertion : Time (s): cpu = 00:00:54 ; elapsed = 00:00:58 . Memory (MB): peak = 1944.047 ; gain = 1178.500
---------------------------------------------------------------------------------
---------------------------------------------------------------------------------
Start Renaming Generated Instances
---------------------------------------------------------------------------------
---------------------------------------------------------------------------------
Finished Renaming Generated Instances : Time (s): cpu = 00:00:54 ; elapsed = 00:00:58 . Memory (MB): peak = 1944.047 ; gain = 1178.500
---------------------------------------------------------------------------------
---------------------------------------------------------------------------------
Start Rebuilding User Hierarchy
---------------------------------------------------------------------------------
---------------------------------------------------------------------------------
Finished Rebuilding User Hierarchy : Time (s): cpu = 00:00:55 ; elapsed = 00:00:59 . Memory (MB): peak = 1944.047 ; gain = 1178.500
---------------------------------------------------------------------------------
---------------------------------------------------------------------------------
Start Renaming Generated Ports
---------------------------------------------------------------------------------
---------------------------------------------------------------------------------
Finished Renaming Generated Ports : Time (s): cpu = 00:00:55 ; elapsed = 00:00:59 . Memory (MB): peak = 1944.047 ; gain = 1178.500
---------------------------------------------------------------------------------
---------------------------------------------------------------------------------
Start Handling Custom Attributes
---------------------------------------------------------------------------------
---------------------------------------------------------------------------------
Finished Handling Custom Attributes : Time (s): cpu = 00:00:55 ; elapsed = 00:00:59 . Memory (MB): peak = 1944.047 ; gain = 1178.500
---------------------------------------------------------------------------------
---------------------------------------------------------------------------------
Start Renaming Generated Nets
---------------------------------------------------------------------------------
---------------------------------------------------------------------------------
Finished Renaming Generated Nets : Time (s): cpu = 00:00:55 ; elapsed = 00:00:59 . Memory (MB): peak = 1944.047 ; gain = 1178.500
---------------------------------------------------------------------------------
---------------------------------------------------------------------------------
Start Writing Synthesis Report
---------------------------------------------------------------------------------

DSP Final Report (the ' indicates corresponding REG is set)
+------------+-------------+--------+--------+--------+--------+--------+------+------+------+------+-------+------+------+
|Module Name | DSP Mapping | A Size | B Size | C Size | D Size | P Size | AREG | BREG | CREG | DREG | ADREG | MREG | PREG | 
+------------+-------------+--------+--------+--------+--------+--------+------+------+------+------+-------+------+------+
|neuron      | Dynamic     | -      | -      | -      | -      | 32     | -    | -    | -    | -    | -     | 0    | 1    | 
|neuron      | Dynamic     | -      | -      | -      | -      | 32     | -    | -    | -    | -    | -     | 0    | 0    | 
|neuron      | Dynamic     | -      | -      | -      | -      | 32     | -    | -    | -    | -    | -     | 0    | 1    | 
|neuron      | Dynamic     | -      | -      | -      | -      | 32     | -    | -    | -    | -    | -     | 0    | 0    | 
|neuron      | Dynamic     | -      | -      | -      | -      | 32     | -    | -    | -    | -    | -     | 0    | 1    | 
|neuron      | Dynamic     | -      | -      | -      | -      | 32     | -    | -    | -    | -    | -     | 0    | 0    | 
|neuron      | A*B         | 30     | 18     | -      | -      | 25     | 0    | 0    | -    | -    | -     | 0    | 0    | 
|neuron      | C+A*B       | 30     | 18     | 32     | -      | 32     | 0    | 0    | 0    | -    | -     | 0    | 0    | 
|neuron      | Dynamic     | -      | -      | -      | -      | 32     | -    | -    | -    | -    | -     | 0    | 1    | 
|neuron      | Dynamic     | -      | -      | -      | -      | 32     | -    | -    | -    | -    | -     | 0    | 0    | 
|neuron      | Dynamic     | -      | -      | -      | -      | 32     | -    | -    | -    | -    | -     | 0    | 1    | 
|neuron      | Dynamic     | -      | -      | -      | -      | 32     | -    | -    | -    | -    | -     | 0    | 0    | 
|neuron      | Dynamic     | -      | -      | -      | -      | 32     | -    | -    | -    | -    | -     | 0    | 1    | 
|neuron      | Dynamic     | -      | -      | -      | -      | 32     | -    | -    | -    | -    | -     | 0    | 0    | 
|neuron      | Dynamic     | -      | -      | -      | -      | 32     | -    | -    | -    | -    | -     | 0    | 1    | 
|neuron      | Dynamic     | -      | -      | -      | -      | 32     | -    | -    | -    | -    | -     | 0    | 0    | 
|neuron      | Dynamic     | -      | -      | -      | -      | 32     | -    | -    | -    | -    | -     | 0    | 1    | 
|neuron      | Dynamic     | -      | -      | -      | -      | 32     | -    | -    | -    | -    | -     | 0    | 0    | 
|neuron      | Dynamic     | -      | -      | -      | -      | 32     | -    | -    | -    | -    | -     | 0    | 1    | 
|neuron      | Dynamic     | -      | -      | -      | -      | 32     | -    | -    | -    | -    | -     | 0    | 0    | 
|neuron      | Dynamic     | -      | -      | -      | -      | 32     | -    | -    | -    | -    | -     | 0    | 1    | 
|neuron      | Dynamic     | -      | -      | -      | -      | 32     | -    | -    | -    | -    | -     | 0    | 0    | 
+------------+-------------+--------+--------+--------+--------+--------+------+------+------+------+-------+------+------+


Report BlackBoxes: 
+-+--------------+----------+
| |BlackBox name |Instances |
+-+--------------+----------+
+-+--------------+----------+

Report Cell Usage: 
+------+--------+------+
|      |Cell    |Count |
+------+--------+------+
|1     |BUFG    |     1|
|2     |CARRY4  |    66|
|3     |DSP48E1 |    22|
|6     |LUT1    |   125|
|7     |LUT2    |   512|
|8     |LUT3    |    59|
|9     |LUT4    |    48|
|10    |LUT5    |     3|
|11    |LUT6    |    32|
|12    |MUXF7   |    16|
|13    |FDCE    |   222|
|14    |IBUF    |    19|
|15    |OBUF    |     3|
+------+--------+------+
---------------------------------------------------------------------------------
Finished Writing Synthesis Report : Time (s): cpu = 00:00:55 ; elapsed = 00:00:59 . Memory (MB): peak = 1944.047 ; gain = 1178.500
---------------------------------------------------------------------------------
Synthesis finished with 0 errors, 0 critical warnings and 0 warnings.
Synthesis Optimization Runtime : Time (s): cpu = 00:00:39 ; elapsed = 00:00:54 . Memory (MB): peak = 1944.047 ; gain = 1101.332
Synthesis Optimization Complete : Time (s): cpu = 00:00:55 ; elapsed = 00:00:59 . Memory (MB): peak = 1944.047 ; gain = 1178.500
INFO: [Project 1-571] Translating synthesized netlist
Netlist sorting complete. Time (s): cpu = 00:00:00 ; elapsed = 00:00:00.049 . Memory (MB): peak = 1953.227 ; gain = 0.000
INFO: [Netlist 29-17] Analyzing 104 Unisim elements for replacement
INFO: [Netlist 29-28] Unisim Transformation completed in 0 CPU seconds
INFO: [Project 1-570] Preparing netlist for logic optimization
INFO: [Opt 31-138] Pushed 0 inverter(s) to 0 load pin(s).
Netlist sorting complete. Time (s): cpu = 00:00:00 ; elapsed = 00:00:00.001 . Memory (MB): peak = 1960.484 ; gain = 0.000
INFO: [Project 1-111] Unisim Transformation Summary:
No Unisim elements were transformed.

Synth Design complete | Checksum: cfefecc7
INFO: [Common 17-83] Releasing license: Synthesis
34 Infos, 101 Warnings, 102 Critical Warnings and 0 Errors encountered.
synth_design completed successfully
synth_design: Time (s): cpu = 00:01:05 ; elapsed = 00:01:11 . Memory (MB): peak = 1960.484 ; gain = 1428.914
INFO: [runtcl-6] Synthesis results are not added to the cache due to CRITICAL_WARNING
Write ShapeDB Complete: Time (s): cpu = 00:00:00 ; elapsed = 00:00:00.005 . Memory (MB): peak = 1960.484 ; gain = 0.000
INFO: [Common 17-1381] The checkpoint 'D:/HARI NOTES/projects/FPGA prof/src/Nueron/Nueron.runs/synth_1/nn_top.dcp' has been generated.
INFO: [Vivado 12-24828] Executing command : report_utilization -file nn_top_utilization_synth.rpt -pb nn_top_utilization_synth.pb
INFO: [Common 17-206] Exiting Vivado at Sat Apr 11 21:02:28 2026...
