
*** Running vivado
    with args -log two_layer_network.vds -m64 -product Vivado -mode batch -messageDb vivado.pb -notrace -source two_layer_network.tcl



****** Vivado v2025.2 (64-bit)
  **** SW Build 6299465 on Fri Nov 14 19:35:11 GMT 2025
  **** IP Build 6300035 on Fri Nov 14 10:48:45 MST 2025
  **** SharedData Build 6298862 on Thu Nov 13 04:50:51 MST 2025
  **** Start of session at: Tue Apr 14 23:02:41 2026
    ** Copyright 1986-2022 Xilinx, Inc. All Rights Reserved.
    ** Copyright 2022-2025 Advanced Micro Devices, Inc. All Rights Reserved.

source two_layer_network.tcl -notrace
Command: read_checkpoint -auto_incremental -incremental D:/projects/project_2/project_2.srcs/utils_1/imports/synth_1/two_layer_network.dcp
INFO: [Vivado 12-5825] Read reference checkpoint from D:/projects/project_2/project_2.srcs/utils_1/imports/synth_1/two_layer_network.dcp for incremental synthesis
INFO: [Vivado 12-7989] Please ensure there are no constraint changes
Command: synth_design -top two_layer_network -part xc7a75tfgg676-1
Starting synth_design
Attempting to get a license for feature 'Synthesis' and/or device 'xc7a75t'
INFO: [Common 17-349] Got license for feature 'Synthesis' and/or device 'xc7a75t'
INFO: [Device 21-403] Loading part xc7a75tfgg676-1
INFO: [Designutils 20-5440] No compile time benefit to using incremental synthesis; A full resynthesis will be run
INFO: [Designutils 20-4379] Flow is switching to default flow due to incremental criteria not met. If you would like to alter this behaviour and have the flow terminate instead, please set the following parameter config_implementation {autoIncr.Synth.RejectBehavior Terminate}
INFO: [Synth 8-7079] Multithreading enabled for synth_design using a maximum of 2 processes.
INFO: [Synth 8-7078] Launching helper process for spawning children vivado processes
INFO: [Synth 8-7075] Helper process launched with PID 15540
---------------------------------------------------------------------------------
Starting RTL Elaboration : Time (s): cpu = 00:00:07 ; elapsed = 00:00:08 . Memory (MB): peak = 1278.441 ; gain = 542.367
---------------------------------------------------------------------------------
CRITICAL WARNING: [Synth 8-9873] overwriting previous definition of module 'neuron' [E:/Neural Network in FPGA/src/neuron.v:83]
INFO: [Synth 8-13127] previous definition of module 'neuron' is here [E:/Neural Network in FPGA/src/neuron.v:83]
CRITICAL WARNING: [Synth 8-9873] overwriting previous definition of module 'neuron' [E:/Neural Network in FPGA/src/neuron.v:83]
INFO: [Synth 8-13127] previous definition of module 'neuron' is here [E:/Neural Network in FPGA/src/neuron.v:83]
CRITICAL WARNING: [Synth 8-9873] overwriting previous definition of module 'layer_of_neurons' [E:/Neural Network in FPGA/src/layer.v:110]
INFO: [Synth 8-13127] previous definition of module 'layer_of_neurons' is here [E:/Neural Network in FPGA/src/layer.v:110]
INFO: [Synth 8-6157] synthesizing module 'two_layer_network' [E:/Neural Network in FPGA/src/top_nn.v:5]
INFO: [Synth 8-3876] $readmem data file 'weights.mem' is read successfully [E:/Neural Network in FPGA/src/top_nn.v:26]
INFO: [Synth 8-3876] $readmem data file 'biases.mem' is read successfully [E:/Neural Network in FPGA/src/top_nn.v:27]
INFO: [Synth 8-6157] synthesizing module 'layer_of_neurons' [E:/Neural Network in FPGA/src/layer.v:5]
	Parameter n_layer bound to: 8 - type: integer 
	Parameter n_inputs bound to: 4 - type: integer 
INFO: [Synth 8-6157] synthesizing module 'neuron' [E:/Neural Network in FPGA/src/neuron.v:3]
INFO: [Synth 8-6155] done synthesizing module 'neuron' (0#1) [E:/Neural Network in FPGA/src/neuron.v:3]
INFO: [Synth 8-6155] done synthesizing module 'layer_of_neurons' (0#1) [E:/Neural Network in FPGA/src/layer.v:5]
INFO: [Synth 8-6157] synthesizing module 'layer_of_neurons__parameterized0' [E:/Neural Network in FPGA/src/layer.v:5]
	Parameter n_layer bound to: 3 - type: integer 
	Parameter n_inputs bound to: 8 - type: integer 
INFO: [Synth 8-6155] done synthesizing module 'layer_of_neurons__parameterized0' (0#1) [E:/Neural Network in FPGA/src/layer.v:5]
INFO: [Synth 8-6155] done synthesizing module 'two_layer_network' (0#1) [E:/Neural Network in FPGA/src/top_nn.v:5]
---------------------------------------------------------------------------------
Finished RTL Elaboration : Time (s): cpu = 00:00:09 ; elapsed = 00:00:10 . Memory (MB): peak = 1399.113 ; gain = 663.039
---------------------------------------------------------------------------------
---------------------------------------------------------------------------------
Start Handling Custom Attributes
---------------------------------------------------------------------------------
---------------------------------------------------------------------------------
Finished Handling Custom Attributes : Time (s): cpu = 00:00:09 ; elapsed = 00:00:10 . Memory (MB): peak = 1399.113 ; gain = 663.039
---------------------------------------------------------------------------------
---------------------------------------------------------------------------------
Finished RTL Optimization Phase 1 : Time (s): cpu = 00:00:09 ; elapsed = 00:00:10 . Memory (MB): peak = 1399.113 ; gain = 663.039
---------------------------------------------------------------------------------
Netlist sorting complete. Time (s): cpu = 00:00:00 ; elapsed = 00:00:00.051 . Memory (MB): peak = 1399.113 ; gain = 0.000
INFO: [Project 1-570] Preparing netlist for logic optimization

Processing XDC Constraints
Initializing timing engine
Parsing XDC File [D:/projects/project_2/project_2.srcs/constrs_1/new/clock_lim.xdc]
CRITICAL WARNING: [Common 17-69] Command failed: Cannot change direction of connected port 'data_in[0][15]' [D:/projects/project_2/project_2.srcs/constrs_1/new/clock_lim.xdc:125]
CRITICAL WARNING: [Common 17-69] Command failed: Cannot change direction of connected port 'data_in[0][14]' [D:/projects/project_2/project_2.srcs/constrs_1/new/clock_lim.xdc:127]
CRITICAL WARNING: [Common 17-69] Command failed: Cannot change direction of connected port 'data_in[0][13]' [D:/projects/project_2/project_2.srcs/constrs_1/new/clock_lim.xdc:129]
CRITICAL WARNING: [Common 17-69] Command failed: Cannot change direction of connected port 'data_in[0][12]' [D:/projects/project_2/project_2.srcs/constrs_1/new/clock_lim.xdc:131]
CRITICAL WARNING: [Common 17-69] Command failed: Cannot change direction of connected port 'data_in[0][11]' [D:/projects/project_2/project_2.srcs/constrs_1/new/clock_lim.xdc:133]
CRITICAL WARNING: [Common 17-69] Command failed: Cannot change direction of connected port 'data_in[0][10]' [D:/projects/project_2/project_2.srcs/constrs_1/new/clock_lim.xdc:135]
CRITICAL WARNING: [Common 17-69] Command failed: Cannot change direction of connected port 'data_in[0][9]' [D:/projects/project_2/project_2.srcs/constrs_1/new/clock_lim.xdc:137]
CRITICAL WARNING: [Common 17-69] Command failed: Cannot change direction of connected port 'data_in[0][8]' [D:/projects/project_2/project_2.srcs/constrs_1/new/clock_lim.xdc:139]
CRITICAL WARNING: [Common 17-69] Command failed: Cannot change direction of connected port 'data_in[0][7]' [D:/projects/project_2/project_2.srcs/constrs_1/new/clock_lim.xdc:141]
CRITICAL WARNING: [Common 17-69] Command failed: Cannot change direction of connected port 'data_in[0][6]' [D:/projects/project_2/project_2.srcs/constrs_1/new/clock_lim.xdc:143]
CRITICAL WARNING: [Common 17-69] Command failed: Cannot change direction of connected port 'data_in[0][5]' [D:/projects/project_2/project_2.srcs/constrs_1/new/clock_lim.xdc:145]
CRITICAL WARNING: [Common 17-69] Command failed: Cannot change direction of connected port 'data_in[0][4]' [D:/projects/project_2/project_2.srcs/constrs_1/new/clock_lim.xdc:147]
CRITICAL WARNING: [Common 17-69] Command failed: Cannot change direction of connected port 'data_in[0][3]' [D:/projects/project_2/project_2.srcs/constrs_1/new/clock_lim.xdc:149]
CRITICAL WARNING: [Common 17-69] Command failed: Cannot change direction of connected port 'data_in[0][2]' [D:/projects/project_2/project_2.srcs/constrs_1/new/clock_lim.xdc:151]
CRITICAL WARNING: [Common 17-69] Command failed: Cannot change direction of connected port 'data_in[0][1]' [D:/projects/project_2/project_2.srcs/constrs_1/new/clock_lim.xdc:153]
CRITICAL WARNING: [Common 17-69] Command failed: Cannot change direction of connected port 'data_in[0][0]' [D:/projects/project_2/project_2.srcs/constrs_1/new/clock_lim.xdc:155]
CRITICAL WARNING: [Common 17-69] Command failed: Cannot change direction of connected port 'data_in[1][15]' [D:/projects/project_2/project_2.srcs/constrs_1/new/clock_lim.xdc:157]
CRITICAL WARNING: [Common 17-69] Command failed: Cannot change direction of connected port 'data_in[1][14]' [D:/projects/project_2/project_2.srcs/constrs_1/new/clock_lim.xdc:159]
CRITICAL WARNING: [Common 17-69] Command failed: Cannot change direction of connected port 'data_in[1][13]' [D:/projects/project_2/project_2.srcs/constrs_1/new/clock_lim.xdc:161]
CRITICAL WARNING: [Common 17-69] Command failed: Cannot change direction of connected port 'data_in[1][12]' [D:/projects/project_2/project_2.srcs/constrs_1/new/clock_lim.xdc:163]
CRITICAL WARNING: [Common 17-69] Command failed: Cannot change direction of connected port 'data_in[1][11]' [D:/projects/project_2/project_2.srcs/constrs_1/new/clock_lim.xdc:165]
CRITICAL WARNING: [Common 17-69] Command failed: Cannot change direction of connected port 'data_in[1][10]' [D:/projects/project_2/project_2.srcs/constrs_1/new/clock_lim.xdc:167]
CRITICAL WARNING: [Common 17-69] Command failed: Cannot change direction of connected port 'data_in[1][9]' [D:/projects/project_2/project_2.srcs/constrs_1/new/clock_lim.xdc:169]
CRITICAL WARNING: [Common 17-69] Command failed: Cannot change direction of connected port 'data_in[1][8]' [D:/projects/project_2/project_2.srcs/constrs_1/new/clock_lim.xdc:171]
CRITICAL WARNING: [Common 17-69] Command failed: Cannot change direction of connected port 'data_in[1][7]' [D:/projects/project_2/project_2.srcs/constrs_1/new/clock_lim.xdc:173]
CRITICAL WARNING: [Common 17-69] Command failed: Cannot change direction of connected port 'data_in[1][6]' [D:/projects/project_2/project_2.srcs/constrs_1/new/clock_lim.xdc:175]
CRITICAL WARNING: [Common 17-69] Command failed: Cannot change direction of connected port 'data_in[1][5]' [D:/projects/project_2/project_2.srcs/constrs_1/new/clock_lim.xdc:177]
CRITICAL WARNING: [Common 17-69] Command failed: Cannot change direction of connected port 'data_in[1][4]' [D:/projects/project_2/project_2.srcs/constrs_1/new/clock_lim.xdc:179]
CRITICAL WARNING: [Common 17-69] Command failed: Cannot change direction of connected port 'data_in[1][3]' [D:/projects/project_2/project_2.srcs/constrs_1/new/clock_lim.xdc:181]
CRITICAL WARNING: [Common 17-69] Command failed: Cannot change direction of connected port 'data_in[1][2]' [D:/projects/project_2/project_2.srcs/constrs_1/new/clock_lim.xdc:183]
CRITICAL WARNING: [Common 17-69] Command failed: Cannot change direction of connected port 'data_in[1][1]' [D:/projects/project_2/project_2.srcs/constrs_1/new/clock_lim.xdc:185]
CRITICAL WARNING: [Common 17-69] Command failed: Cannot change direction of connected port 'data_in[1][0]' [D:/projects/project_2/project_2.srcs/constrs_1/new/clock_lim.xdc:187]
CRITICAL WARNING: [Common 17-69] Command failed: Cannot change direction of connected port 'data_in[2][15]' [D:/projects/project_2/project_2.srcs/constrs_1/new/clock_lim.xdc:189]
CRITICAL WARNING: [Common 17-69] Command failed: Cannot change direction of connected port 'data_in[2][14]' [D:/projects/project_2/project_2.srcs/constrs_1/new/clock_lim.xdc:191]
CRITICAL WARNING: [Common 17-69] Command failed: Cannot change direction of connected port 'data_in[2][13]' [D:/projects/project_2/project_2.srcs/constrs_1/new/clock_lim.xdc:193]
CRITICAL WARNING: [Common 17-69] Command failed: Cannot change direction of connected port 'data_in[2][12]' [D:/projects/project_2/project_2.srcs/constrs_1/new/clock_lim.xdc:195]
CRITICAL WARNING: [Common 17-69] Command failed: Cannot change direction of connected port 'data_in[2][11]' [D:/projects/project_2/project_2.srcs/constrs_1/new/clock_lim.xdc:197]
CRITICAL WARNING: [Common 17-69] Command failed: Cannot change direction of connected port 'data_in[2][10]' [D:/projects/project_2/project_2.srcs/constrs_1/new/clock_lim.xdc:199]
CRITICAL WARNING: [Common 17-69] Command failed: Cannot change direction of connected port 'data_in[2][9]' [D:/projects/project_2/project_2.srcs/constrs_1/new/clock_lim.xdc:201]
CRITICAL WARNING: [Common 17-69] Command failed: Cannot change direction of connected port 'data_in[2][8]' [D:/projects/project_2/project_2.srcs/constrs_1/new/clock_lim.xdc:203]
CRITICAL WARNING: [Common 17-69] Command failed: Cannot change direction of connected port 'data_in[2][7]' [D:/projects/project_2/project_2.srcs/constrs_1/new/clock_lim.xdc:205]
CRITICAL WARNING: [Common 17-69] Command failed: Cannot change direction of connected port 'data_in[2][6]' [D:/projects/project_2/project_2.srcs/constrs_1/new/clock_lim.xdc:207]
CRITICAL WARNING: [Common 17-69] Command failed: Cannot change direction of connected port 'data_in[2][5]' [D:/projects/project_2/project_2.srcs/constrs_1/new/clock_lim.xdc:209]
CRITICAL WARNING: [Common 17-69] Command failed: Cannot change direction of connected port 'data_in[2][4]' [D:/projects/project_2/project_2.srcs/constrs_1/new/clock_lim.xdc:211]
CRITICAL WARNING: [Common 17-69] Command failed: Cannot change direction of connected port 'data_in[2][3]' [D:/projects/project_2/project_2.srcs/constrs_1/new/clock_lim.xdc:213]
CRITICAL WARNING: [Common 17-69] Command failed: Cannot change direction of connected port 'data_in[2][2]' [D:/projects/project_2/project_2.srcs/constrs_1/new/clock_lim.xdc:215]
CRITICAL WARNING: [Common 17-69] Command failed: Cannot change direction of connected port 'data_in[2][1]' [D:/projects/project_2/project_2.srcs/constrs_1/new/clock_lim.xdc:217]
CRITICAL WARNING: [Common 17-69] Command failed: Cannot change direction of connected port 'data_in[2][0]' [D:/projects/project_2/project_2.srcs/constrs_1/new/clock_lim.xdc:219]
CRITICAL WARNING: [Common 17-69] Command failed: Cannot change direction of connected port 'data_in[3][15]' [D:/projects/project_2/project_2.srcs/constrs_1/new/clock_lim.xdc:221]
CRITICAL WARNING: [Common 17-69] Command failed: Cannot change direction of connected port 'data_in[3][14]' [D:/projects/project_2/project_2.srcs/constrs_1/new/clock_lim.xdc:223]
CRITICAL WARNING: [Common 17-69] Command failed: Cannot change direction of connected port 'data_in[3][13]' [D:/projects/project_2/project_2.srcs/constrs_1/new/clock_lim.xdc:225]
CRITICAL WARNING: [Common 17-69] Command failed: Cannot change direction of connected port 'data_in[3][12]' [D:/projects/project_2/project_2.srcs/constrs_1/new/clock_lim.xdc:227]
CRITICAL WARNING: [Common 17-69] Command failed: Cannot change direction of connected port 'data_in[3][11]' [D:/projects/project_2/project_2.srcs/constrs_1/new/clock_lim.xdc:229]
CRITICAL WARNING: [Common 17-69] Command failed: Cannot change direction of connected port 'data_in[3][10]' [D:/projects/project_2/project_2.srcs/constrs_1/new/clock_lim.xdc:231]
CRITICAL WARNING: [Common 17-69] Command failed: Cannot change direction of connected port 'data_in[3][9]' [D:/projects/project_2/project_2.srcs/constrs_1/new/clock_lim.xdc:233]
CRITICAL WARNING: [Common 17-69] Command failed: Cannot change direction of connected port 'data_in[3][8]' [D:/projects/project_2/project_2.srcs/constrs_1/new/clock_lim.xdc:235]
CRITICAL WARNING: [Common 17-69] Command failed: Cannot change direction of connected port 'data_in[3][7]' [D:/projects/project_2/project_2.srcs/constrs_1/new/clock_lim.xdc:237]
CRITICAL WARNING: [Common 17-69] Command failed: Cannot change direction of connected port 'data_in[3][6]' [D:/projects/project_2/project_2.srcs/constrs_1/new/clock_lim.xdc:239]
CRITICAL WARNING: [Common 17-69] Command failed: Cannot change direction of connected port 'data_in[3][5]' [D:/projects/project_2/project_2.srcs/constrs_1/new/clock_lim.xdc:241]
CRITICAL WARNING: [Common 17-69] Command failed: Cannot change direction of connected port 'data_in[3][4]' [D:/projects/project_2/project_2.srcs/constrs_1/new/clock_lim.xdc:243]
CRITICAL WARNING: [Common 17-69] Command failed: Cannot change direction of connected port 'data_in[3][3]' [D:/projects/project_2/project_2.srcs/constrs_1/new/clock_lim.xdc:245]
CRITICAL WARNING: [Common 17-69] Command failed: Cannot change direction of connected port 'data_in[3][2]' [D:/projects/project_2/project_2.srcs/constrs_1/new/clock_lim.xdc:247]
CRITICAL WARNING: [Common 17-69] Command failed: Cannot change direction of connected port 'data_in[3][1]' [D:/projects/project_2/project_2.srcs/constrs_1/new/clock_lim.xdc:249]
CRITICAL WARNING: [Common 17-69] Command failed: Cannot change direction of connected port 'data_in[3][0]' [D:/projects/project_2/project_2.srcs/constrs_1/new/clock_lim.xdc:251]
CRITICAL WARNING: [Common 17-69] Command failed: Cannot change direction of connected port 'out_f[0][15]' [D:/projects/project_2/project_2.srcs/constrs_1/new/clock_lim.xdc:253]
CRITICAL WARNING: [Common 17-69] Command failed: Cannot change direction of connected port 'out_f[0][14]' [D:/projects/project_2/project_2.srcs/constrs_1/new/clock_lim.xdc:257]
CRITICAL WARNING: [Common 17-69] Command failed: Cannot change direction of connected port 'out_f[0][13]' [D:/projects/project_2/project_2.srcs/constrs_1/new/clock_lim.xdc:261]
CRITICAL WARNING: [Common 17-69] Command failed: Cannot change direction of connected port 'out_f[0][12]' [D:/projects/project_2/project_2.srcs/constrs_1/new/clock_lim.xdc:265]
CRITICAL WARNING: [Common 17-69] Command failed: Cannot change direction of connected port 'out_f[0][11]' [D:/projects/project_2/project_2.srcs/constrs_1/new/clock_lim.xdc:269]
CRITICAL WARNING: [Common 17-69] Command failed: Cannot change direction of connected port 'out_f[0][10]' [D:/projects/project_2/project_2.srcs/constrs_1/new/clock_lim.xdc:273]
CRITICAL WARNING: [Common 17-69] Command failed: Cannot change direction of connected port 'out_f[0][9]' [D:/projects/project_2/project_2.srcs/constrs_1/new/clock_lim.xdc:277]
CRITICAL WARNING: [Common 17-69] Command failed: Cannot change direction of connected port 'out_f[0][8]' [D:/projects/project_2/project_2.srcs/constrs_1/new/clock_lim.xdc:281]
CRITICAL WARNING: [Common 17-69] Command failed: Cannot change direction of connected port 'out_f[0][7]' [D:/projects/project_2/project_2.srcs/constrs_1/new/clock_lim.xdc:285]
CRITICAL WARNING: [Common 17-69] Command failed: Cannot change direction of connected port 'out_f[0][6]' [D:/projects/project_2/project_2.srcs/constrs_1/new/clock_lim.xdc:289]
CRITICAL WARNING: [Common 17-69] Command failed: Cannot change direction of connected port 'out_f[0][5]' [D:/projects/project_2/project_2.srcs/constrs_1/new/clock_lim.xdc:293]
CRITICAL WARNING: [Common 17-69] Command failed: Cannot change direction of connected port 'out_f[0][4]' [D:/projects/project_2/project_2.srcs/constrs_1/new/clock_lim.xdc:297]
CRITICAL WARNING: [Common 17-69] Command failed: Cannot change direction of connected port 'out_f[0][3]' [D:/projects/project_2/project_2.srcs/constrs_1/new/clock_lim.xdc:301]
CRITICAL WARNING: [Common 17-69] Command failed: Cannot change direction of connected port 'out_f[0][2]' [D:/projects/project_2/project_2.srcs/constrs_1/new/clock_lim.xdc:305]
CRITICAL WARNING: [Common 17-69] Command failed: Cannot change direction of connected port 'out_f[0][1]' [D:/projects/project_2/project_2.srcs/constrs_1/new/clock_lim.xdc:309]
CRITICAL WARNING: [Common 17-69] Command failed: Cannot change direction of connected port 'out_f[0][0]' [D:/projects/project_2/project_2.srcs/constrs_1/new/clock_lim.xdc:313]
CRITICAL WARNING: [Common 17-69] Command failed: Cannot change direction of connected port 'out_f[1][15]' [D:/projects/project_2/project_2.srcs/constrs_1/new/clock_lim.xdc:317]
CRITICAL WARNING: [Common 17-69] Command failed: Cannot change direction of connected port 'out_f[1][14]' [D:/projects/project_2/project_2.srcs/constrs_1/new/clock_lim.xdc:321]
CRITICAL WARNING: [Common 17-69] Command failed: Cannot change direction of connected port 'out_f[1][13]' [D:/projects/project_2/project_2.srcs/constrs_1/new/clock_lim.xdc:325]
CRITICAL WARNING: [Common 17-69] Command failed: Cannot change direction of connected port 'out_f[1][12]' [D:/projects/project_2/project_2.srcs/constrs_1/new/clock_lim.xdc:329]
CRITICAL WARNING: [Common 17-69] Command failed: Cannot change direction of connected port 'out_f[1][11]' [D:/projects/project_2/project_2.srcs/constrs_1/new/clock_lim.xdc:333]
CRITICAL WARNING: [Common 17-69] Command failed: Cannot change direction of connected port 'out_f[1][10]' [D:/projects/project_2/project_2.srcs/constrs_1/new/clock_lim.xdc:337]
CRITICAL WARNING: [Common 17-69] Command failed: Cannot change direction of connected port 'out_f[1][9]' [D:/projects/project_2/project_2.srcs/constrs_1/new/clock_lim.xdc:341]
CRITICAL WARNING: [Common 17-69] Command failed: Cannot change direction of connected port 'out_f[1][8]' [D:/projects/project_2/project_2.srcs/constrs_1/new/clock_lim.xdc:345]
CRITICAL WARNING: [Common 17-69] Command failed: Cannot change direction of connected port 'out_f[1][7]' [D:/projects/project_2/project_2.srcs/constrs_1/new/clock_lim.xdc:349]
CRITICAL WARNING: [Common 17-69] Command failed: Cannot change direction of connected port 'out_f[1][6]' [D:/projects/project_2/project_2.srcs/constrs_1/new/clock_lim.xdc:353]
CRITICAL WARNING: [Common 17-69] Command failed: Cannot change direction of connected port 'out_f[1][5]' [D:/projects/project_2/project_2.srcs/constrs_1/new/clock_lim.xdc:357]
CRITICAL WARNING: [Common 17-69] Command failed: Cannot change direction of connected port 'out_f[1][4]' [D:/projects/project_2/project_2.srcs/constrs_1/new/clock_lim.xdc:361]
CRITICAL WARNING: [Common 17-69] Command failed: Cannot change direction of connected port 'out_f[1][3]' [D:/projects/project_2/project_2.srcs/constrs_1/new/clock_lim.xdc:365]
CRITICAL WARNING: [Common 17-69] Command failed: Cannot change direction of connected port 'out_f[1][2]' [D:/projects/project_2/project_2.srcs/constrs_1/new/clock_lim.xdc:369]
CRITICAL WARNING: [Common 17-69] Command failed: Cannot change direction of connected port 'out_f[1][1]' [D:/projects/project_2/project_2.srcs/constrs_1/new/clock_lim.xdc:373]
CRITICAL WARNING: [Common 17-69] Command failed: Cannot change direction of connected port 'out_f[1][0]' [D:/projects/project_2/project_2.srcs/constrs_1/new/clock_lim.xdc:377]
CRITICAL WARNING: [Common 17-69] Command failed: Cannot change direction of connected port 'out_f[2][15]' [D:/projects/project_2/project_2.srcs/constrs_1/new/clock_lim.xdc:381]
CRITICAL WARNING: [Common 17-69] Command failed: Cannot change direction of connected port 'out_f[2][14]' [D:/projects/project_2/project_2.srcs/constrs_1/new/clock_lim.xdc:385]
CRITICAL WARNING: [Common 17-69] Command failed: Cannot change direction of connected port 'out_f[2][13]' [D:/projects/project_2/project_2.srcs/constrs_1/new/clock_lim.xdc:389]
CRITICAL WARNING: [Common 17-69] Command failed: Cannot change direction of connected port 'out_f[2][12]' [D:/projects/project_2/project_2.srcs/constrs_1/new/clock_lim.xdc:393]
INFO: [Common 17-14] Message 'Common 17-69' appears 100 times and further instances of the messages will be disabled. Use the Tcl command set_msg_config to change the current settings. [D:/projects/project_2/project_2.srcs/constrs_1/new/clock_lim.xdc:393]
Finished Parsing XDC File [D:/projects/project_2/project_2.srcs/constrs_1/new/clock_lim.xdc]
INFO: [Project 1-236] Implementation specific constraints were found while reading constraint file [D:/projects/project_2/project_2.srcs/constrs_1/new/clock_lim.xdc]. These constraints will be ignored for synthesis but will be used in implementation. Impacted constraints are listed in the file [.Xil/two_layer_network_propImpl.xdc].
Resolution: To avoid this warning, move constraints listed in [.Xil/two_layer_network_propImpl.xdc] to another XDC file and exclude this new file from synthesis with the used_in_synthesis property (File Properties dialog in GUI) and re-run elaboration/synthesis.
Completed Processing XDC Constraints

Netlist sorting complete. Time (s): cpu = 00:00:00 ; elapsed = 00:00:00.001 . Memory (MB): peak = 1475.023 ; gain = 0.000
INFO: [Project 1-111] Unisim Transformation Summary:
No Unisim elements were transformed.

Constraint Validation Runtime : Time (s): cpu = 00:00:00 ; elapsed = 00:00:00.026 . Memory (MB): peak = 1475.023 ; gain = 0.000
INFO: [Designutils 20-5440] No compile time benefit to using incremental synthesis; A full resynthesis will be run
INFO: [Designutils 20-4379] Flow is switching to default flow due to incremental criteria not met. If you would like to alter this behaviour and have the flow terminate instead, please set the following parameter config_implementation {autoIncr.Synth.RejectBehavior Terminate}
---------------------------------------------------------------------------------
Finished Constraint Validation : Time (s): cpu = 00:00:21 ; elapsed = 00:00:22 . Memory (MB): peak = 1475.023 ; gain = 738.949
---------------------------------------------------------------------------------
---------------------------------------------------------------------------------
Start Loading Part and Timing Information
---------------------------------------------------------------------------------
Loading part: xc7a75tfgg676-1
---------------------------------------------------------------------------------
Finished Loading Part and Timing Information : Time (s): cpu = 00:00:21 ; elapsed = 00:00:22 . Memory (MB): peak = 1475.023 ; gain = 738.949
---------------------------------------------------------------------------------
---------------------------------------------------------------------------------
Start Applying 'set_property' XDC Constraints
---------------------------------------------------------------------------------
---------------------------------------------------------------------------------
Finished applying 'set_property' XDC Constraints : Time (s): cpu = 00:00:21 ; elapsed = 00:00:22 . Memory (MB): peak = 1475.023 ; gain = 738.949
---------------------------------------------------------------------------------
---------------------------------------------------------------------------------
Finished RTL Optimization Phase 2 : Time (s): cpu = 00:00:22 ; elapsed = 00:00:23 . Memory (MB): peak = 1475.023 ; gain = 738.949
---------------------------------------------------------------------------------
---------------------------------------------------------------------------------
Start RTL Component Statistics 
---------------------------------------------------------------------------------
Detailed RTL Component Info : 
+---Adders : 
	   2 Input   32 Bit       Adders := 13    
	   2 Input    5 Bit       Adders := 2     
+---Registers : 
	               32 Bit    Registers := 11    
	               16 Bit    Registers := 27    
	                1 Bit    Registers := 31    
+---Muxes : 
	   2 Input   32 Bit        Muxes := 11    
	   2 Input   16 Bit        Muxes := 24    
	   4 Input   16 Bit        Muxes := 1     
	   2 Input    1 Bit        Muxes := 50    
---------------------------------------------------------------------------------
Finished RTL Component Statistics 
---------------------------------------------------------------------------------
---------------------------------------------------------------------------------
Start Part Resource Summary
---------------------------------------------------------------------------------
Part Resources:
DSPs: 180 (col length:80)
BRAMs: 210 (col length: RAMB18 80 RAMB36 40)
---------------------------------------------------------------------------------
Finished Part Resource Summary
---------------------------------------------------------------------------------
---------------------------------------------------------------------------------
Start Cross Boundary and Area Optimization
---------------------------------------------------------------------------------
DSP Report: Generating DSP my_instances[0].neuron_inst/next_acc, operation Mode is: C+A*B.
DSP Report: operator my_instances[0].neuron_inst/next_acc is absorbed into DSP my_instances[0].neuron_inst/next_acc.
DSP Report: operator my_instances[0].neuron_inst/product is absorbed into DSP my_instances[0].neuron_inst/next_acc.
DSP Report: Generating DSP my_instances[1].neuron_inst/next_acc, operation Mode is: C+A*B.
DSP Report: operator my_instances[1].neuron_inst/next_acc is absorbed into DSP my_instances[1].neuron_inst/next_acc.
DSP Report: operator my_instances[1].neuron_inst/product is absorbed into DSP my_instances[1].neuron_inst/next_acc.
DSP Report: Generating DSP my_instances[2].neuron_inst/next_acc, operation Mode is: C+A*B.
DSP Report: operator my_instances[2].neuron_inst/next_acc is absorbed into DSP my_instances[2].neuron_inst/next_acc.
DSP Report: operator my_instances[2].neuron_inst/product is absorbed into DSP my_instances[2].neuron_inst/next_acc.
DSP Report: Generating DSP my_instances[3].neuron_inst/next_acc, operation Mode is: C+A*B.
DSP Report: operator my_instances[3].neuron_inst/next_acc is absorbed into DSP my_instances[3].neuron_inst/next_acc.
DSP Report: operator my_instances[3].neuron_inst/product is absorbed into DSP my_instances[3].neuron_inst/next_acc.
DSP Report: Generating DSP my_instances[4].neuron_inst/next_acc, operation Mode is: C+A*B.
DSP Report: operator my_instances[4].neuron_inst/next_acc is absorbed into DSP my_instances[4].neuron_inst/next_acc.
DSP Report: operator my_instances[4].neuron_inst/product is absorbed into DSP my_instances[4].neuron_inst/next_acc.
DSP Report: Generating DSP my_instances[5].neuron_inst/next_acc, operation Mode is: C+A*B.
DSP Report: operator my_instances[5].neuron_inst/next_acc is absorbed into DSP my_instances[5].neuron_inst/next_acc.
DSP Report: operator my_instances[5].neuron_inst/product is absorbed into DSP my_instances[5].neuron_inst/next_acc.
DSP Report: Generating DSP my_instances[6].neuron_inst/next_acc, operation Mode is: C+A*B.
DSP Report: operator my_instances[6].neuron_inst/next_acc is absorbed into DSP my_instances[6].neuron_inst/next_acc.
DSP Report: operator my_instances[6].neuron_inst/product is absorbed into DSP my_instances[6].neuron_inst/next_acc.
DSP Report: Generating DSP my_instances[7].neuron_inst/next_acc, operation Mode is: C+A*B.
DSP Report: operator my_instances[7].neuron_inst/next_acc is absorbed into DSP my_instances[7].neuron_inst/next_acc.
DSP Report: operator my_instances[7].neuron_inst/product is absorbed into DSP my_instances[7].neuron_inst/next_acc.
DSP Report: Generating DSP my_instances[0].neuron_inst/next_acc, operation Mode is: C+A*B.
DSP Report: operator my_instances[0].neuron_inst/next_acc is absorbed into DSP my_instances[0].neuron_inst/next_acc.
DSP Report: operator my_instances[0].neuron_inst/product is absorbed into DSP my_instances[0].neuron_inst/next_acc.
DSP Report: Generating DSP my_instances[1].neuron_inst/next_acc, operation Mode is: C+A*B.
DSP Report: operator my_instances[1].neuron_inst/next_acc is absorbed into DSP my_instances[1].neuron_inst/next_acc.
DSP Report: operator my_instances[1].neuron_inst/product is absorbed into DSP my_instances[1].neuron_inst/next_acc.
DSP Report: Generating DSP my_instances[2].neuron_inst/next_acc, operation Mode is: C+A*B.
DSP Report: operator my_instances[2].neuron_inst/next_acc is absorbed into DSP my_instances[2].neuron_inst/next_acc.
DSP Report: operator my_instances[2].neuron_inst/product is absorbed into DSP my_instances[2].neuron_inst/next_acc.
---------------------------------------------------------------------------------
Finished Cross Boundary and Area Optimization : Time (s): cpu = 00:00:27 ; elapsed = 00:00:28 . Memory (MB): peak = 1508.949 ; gain = 772.875
---------------------------------------------------------------------------------
 Sort Area is  my_instances[0].neuron_inst/next_acc_0 : 0 0 : 2032 2032 : Used 1 time 0
 Sort Area is  my_instances[0].neuron_inst/next_acc_9 : 0 0 : 2032 2032 : Used 1 time 0
 Sort Area is  my_instances[1].neuron_inst/next_acc_2 : 0 0 : 2032 2032 : Used 1 time 0
 Sort Area is  my_instances[1].neuron_inst/next_acc_a : 0 0 : 2032 2032 : Used 1 time 0
 Sort Area is  my_instances[2].neuron_inst/next_acc_3 : 0 0 : 2032 2032 : Used 1 time 0
 Sort Area is  my_instances[2].neuron_inst/next_acc_b : 0 0 : 2032 2032 : Used 1 time 0
 Sort Area is  my_instances[3].neuron_inst/next_acc_4 : 0 0 : 2032 2032 : Used 1 time 0
 Sort Area is  my_instances[4].neuron_inst/next_acc_5 : 0 0 : 2032 2032 : Used 1 time 0
 Sort Area is  my_instances[5].neuron_inst/next_acc_6 : 0 0 : 2032 2032 : Used 1 time 0
 Sort Area is  my_instances[6].neuron_inst/next_acc_7 : 0 0 : 2032 2032 : Used 1 time 0
 Sort Area is  my_instances[7].neuron_inst/next_acc_8 : 0 0 : 2032 2032 : Used 1 time 0
---------------------------------------------------------------------------------
Start ROM, RAM, DSP, Shift Register and Retiming Reporting
---------------------------------------------------------------------------------

DSP: Preliminary Mapping Report (see note below. The ' indicates corresponding REG is set)
+------------+-------------+--------+--------+--------+--------+--------+------+------+------+------+-------+------+------+
|Module Name | DSP Mapping | A Size | B Size | C Size | D Size | P Size | AREG | BREG | CREG | DREG | ADREG | MREG | PREG | 
+------------+-------------+--------+--------+--------+--------+--------+------+------+------+------+-------+------+------+
|neuron      | C+A*B       | 16     | 16     | 32     | -      | 32     | 0    | 0    | 0    | -    | -     | 0    | 0    | 
|neuron      | C+A*B       | 16     | 16     | 32     | -      | 32     | 0    | 0    | 0    | -    | -     | 0    | 0    | 
|neuron      | C+A*B       | 16     | 16     | 32     | -      | 32     | 0    | 0    | 0    | -    | -     | 0    | 0    | 
|neuron      | C+A*B       | 16     | 16     | 32     | -      | 32     | 0    | 0    | 0    | -    | -     | 0    | 0    | 
|neuron      | C+A*B       | 16     | 16     | 32     | -      | 32     | 0    | 0    | 0    | -    | -     | 0    | 0    | 
|neuron      | C+A*B       | 16     | 16     | 32     | -      | 32     | 0    | 0    | 0    | -    | -     | 0    | 0    | 
|neuron      | C+A*B       | 16     | 16     | 32     | -      | 32     | 0    | 0    | 0    | -    | -     | 0    | 0    | 
|neuron      | C+A*B       | 16     | 16     | 32     | -      | 32     | 0    | 0    | 0    | -    | -     | 0    | 0    | 
|neuron      | C+A*B       | 16     | 16     | 32     | -      | 32     | 0    | 0    | 0    | -    | -     | 0    | 0    | 
|neuron      | C+A*B       | 16     | 16     | 32     | -      | 32     | 0    | 0    | 0    | -    | -     | 0    | 0    | 
|neuron      | C+A*B       | 16     | 16     | 32     | -      | 32     | 0    | 0    | 0    | -    | -     | 0    | 0    | 
+------------+-------------+--------+--------+--------+--------+--------+------+------+------+------+-------+------+------+

Note: The table above is a preliminary report that shows the DSPs inferred at the current stage of the synthesis flow. Some DSP may be reimplemented as non DSP primitives later in the synthesis flow. Multiple instantiated DSPs are reported only once.
---------------------------------------------------------------------------------
Finished ROM, RAM, DSP, Shift Register and Retiming Reporting
---------------------------------------------------------------------------------
---------------------------------------------------------------------------------
Start Applying XDC Timing Constraints
---------------------------------------------------------------------------------
---------------------------------------------------------------------------------
Finished Applying XDC Timing Constraints : Time (s): cpu = 00:00:36 ; elapsed = 00:00:38 . Memory (MB): peak = 1655.430 ; gain = 919.355
---------------------------------------------------------------------------------
---------------------------------------------------------------------------------
Start Timing Optimization
---------------------------------------------------------------------------------
---------------------------------------------------------------------------------
Finished Timing Optimization : Time (s): cpu = 00:00:37 ; elapsed = 00:00:39 . Memory (MB): peak = 1669.750 ; gain = 933.676
---------------------------------------------------------------------------------
---------------------------------------------------------------------------------
Start Technology Mapping
---------------------------------------------------------------------------------
---------------------------------------------------------------------------------
Finished Technology Mapping : Time (s): cpu = 00:00:39 ; elapsed = 00:00:42 . Memory (MB): peak = 1672.906 ; gain = 936.832
---------------------------------------------------------------------------------
---------------------------------------------------------------------------------
Start IO Insertion
---------------------------------------------------------------------------------
---------------------------------------------------------------------------------
Start Flattening Before IO Insertion
---------------------------------------------------------------------------------
---------------------------------------------------------------------------------
Finished Flattening Before IO Insertion
---------------------------------------------------------------------------------
---------------------------------------------------------------------------------
Start Final Netlist Cleanup
---------------------------------------------------------------------------------
---------------------------------------------------------------------------------
Finished Final Netlist Cleanup
---------------------------------------------------------------------------------
---------------------------------------------------------------------------------
Finished IO Insertion : Time (s): cpu = 00:00:45 ; elapsed = 00:00:48 . Memory (MB): peak = 1914.336 ; gain = 1178.262
---------------------------------------------------------------------------------
---------------------------------------------------------------------------------
Start Renaming Generated Instances
---------------------------------------------------------------------------------
---------------------------------------------------------------------------------
Finished Renaming Generated Instances : Time (s): cpu = 00:00:45 ; elapsed = 00:00:48 . Memory (MB): peak = 1914.336 ; gain = 1178.262
---------------------------------------------------------------------------------
---------------------------------------------------------------------------------
Start Rebuilding User Hierarchy
---------------------------------------------------------------------------------
---------------------------------------------------------------------------------
Finished Rebuilding User Hierarchy : Time (s): cpu = 00:00:46 ; elapsed = 00:00:49 . Memory (MB): peak = 1914.336 ; gain = 1178.262
---------------------------------------------------------------------------------
---------------------------------------------------------------------------------
Start Renaming Generated Ports
---------------------------------------------------------------------------------
---------------------------------------------------------------------------------
Finished Renaming Generated Ports : Time (s): cpu = 00:00:46 ; elapsed = 00:00:49 . Memory (MB): peak = 1914.336 ; gain = 1178.262
---------------------------------------------------------------------------------
---------------------------------------------------------------------------------
Start Handling Custom Attributes
---------------------------------------------------------------------------------
---------------------------------------------------------------------------------
Finished Handling Custom Attributes : Time (s): cpu = 00:00:46 ; elapsed = 00:00:49 . Memory (MB): peak = 1914.336 ; gain = 1178.262
---------------------------------------------------------------------------------
---------------------------------------------------------------------------------
Start Renaming Generated Nets
---------------------------------------------------------------------------------
---------------------------------------------------------------------------------
Finished Renaming Generated Nets : Time (s): cpu = 00:00:46 ; elapsed = 00:00:49 . Memory (MB): peak = 1914.336 ; gain = 1178.262
---------------------------------------------------------------------------------
---------------------------------------------------------------------------------
Start Writing Synthesis Report
---------------------------------------------------------------------------------

DSP Final Report (the ' indicates corresponding REG is set)
+------------+-------------+--------+--------+--------+--------+--------+------+------+------+------+-------+------+------+
|Module Name | DSP Mapping | A Size | B Size | C Size | D Size | P Size | AREG | BREG | CREG | DREG | ADREG | MREG | PREG | 
+------------+-------------+--------+--------+--------+--------+--------+------+------+------+------+-------+------+------+
|neuron      | Dynamic     | -      | -      | -      | -      | 32     | -    | -    | -    | -    | -     | 0    | 0    | 
|neuron      | Dynamic     | -      | -      | -      | -      | 32     | -    | -    | -    | -    | -     | 0    | 0    | 
|neuron      | Dynamic     | -      | -      | -      | -      | 32     | -    | -    | -    | -    | -     | 0    | 0    | 
|neuron      | Dynamic     | -      | -      | -      | -      | 32     | -    | -    | -    | -    | -     | 0    | 0    | 
|neuron      | Dynamic     | -      | -      | -      | -      | 32     | -    | -    | -    | -    | -     | 0    | 0    | 
|neuron      | Dynamic     | -      | -      | -      | -      | 32     | -    | -    | -    | -    | -     | 0    | 0    | 
|neuron      | Dynamic     | -      | -      | -      | -      | 32     | -    | -    | -    | -    | -     | 0    | 0    | 
|neuron      | Dynamic     | -      | -      | -      | -      | 32     | -    | -    | -    | -    | -     | 0    | 0    | 
|neuron      | Dynamic     | -      | -      | -      | -      | 32     | -    | -    | -    | -    | -     | 0    | 0    | 
|neuron      | Dynamic     | -      | -      | -      | -      | 32     | -    | -    | -    | -    | -     | 0    | 0    | 
|neuron      | Dynamic     | -      | -      | -      | -      | 32     | -    | -    | -    | -    | -     | 0    | 0    | 
+------------+-------------+--------+--------+--------+--------+--------+------+------+------+------+-------+------+------+


Report BlackBoxes: 
+-+--------------+----------+
| |BlackBox name |Instances |
+-+--------------+----------+
+-+--------------+----------+

Report Cell Usage: 
+------+--------+------+
|      |Cell    |Count |
+------+--------+------+
|1     |BUFG    |     1|
|2     |CARRY4  |   119|
|3     |DSP48E1 |    11|
|4     |LUT1    |    66|
|5     |LUT2    |   362|
|6     |LUT3    |    75|
|7     |LUT4    |     2|
|8     |LUT5    |    18|
|9     |LUT6    |    76|
|10    |FDCE    |   756|
|11    |IBUF    |    67|
|12    |OBUF    |    51|
+------+--------+------+
---------------------------------------------------------------------------------
Finished Writing Synthesis Report : Time (s): cpu = 00:00:46 ; elapsed = 00:00:49 . Memory (MB): peak = 1914.336 ; gain = 1178.262
---------------------------------------------------------------------------------
Synthesis finished with 0 errors, 0 critical warnings and 0 warnings.
Synthesis Optimization Runtime : Time (s): cpu = 00:00:33 ; elapsed = 00:00:46 . Memory (MB): peak = 1914.336 ; gain = 1102.352
Synthesis Optimization Complete : Time (s): cpu = 00:00:46 ; elapsed = 00:00:49 . Memory (MB): peak = 1914.336 ; gain = 1178.262
INFO: [Project 1-571] Translating synthesized netlist
Netlist sorting complete. Time (s): cpu = 00:00:00 ; elapsed = 00:00:00.034 . Memory (MB): peak = 1924.402 ; gain = 0.000
INFO: [Netlist 29-17] Analyzing 130 Unisim elements for replacement
INFO: [Netlist 29-28] Unisim Transformation completed in 0 CPU seconds
INFO: [Project 1-570] Preparing netlist for logic optimization
INFO: [Opt 31-138] Pushed 0 inverter(s) to 0 load pin(s).
Netlist sorting complete. Time (s): cpu = 00:00:00 ; elapsed = 00:00:00.001 . Memory (MB): peak = 1928.086 ; gain = 0.000
INFO: [Project 1-111] Unisim Transformation Summary:
No Unisim elements were transformed.

Synth Design complete | Checksum: 65d9f71f
INFO: [Common 17-83] Releasing license: Synthesis
35 Infos, 0 Warnings, 103 Critical Warnings and 0 Errors encountered.
synth_design completed successfully
synth_design: Time (s): cpu = 00:00:51 ; elapsed = 00:00:57 . Memory (MB): peak = 1928.086 ; gain = 1395.395
INFO: [runtcl-6] Synthesis results are not added to the cache due to CRITICAL_WARNING
Write ShapeDB Complete: Time (s): cpu = 00:00:00 ; elapsed = 00:00:00.005 . Memory (MB): peak = 1928.086 ; gain = 0.000
INFO: [Common 17-1381] The checkpoint 'D:/projects/project_2/project_2.runs/synth_1/two_layer_network.dcp' has been generated.
INFO: [Vivado 12-24828] Executing command : report_utilization -file two_layer_network_utilization_synth.rpt -pb two_layer_network_utilization_synth.pb
INFO: [Common 17-206] Exiting Vivado at Tue Apr 14 23:03:45 2026...
